'2019-07-17T16:23:28.647': {'opt': '61 00', 'bar': '3b 0a 00 61 89 01', 'temp': '5c 0a fc 0c', 'hum': '7c 66 d4 59', 'mov': '8f ff f9 00 fe 00 57 00 17 00 e5 f7 a0 01 9e ff e8 fe', 'MAC': '54:6C:0E:53:00:97'}
'2019-07-17T16:23:34.393': {'opt': '61 00', 'bar': '3a 0a 00 5d 89 01', 'temp': '54 0a fc 0c', 'hum': '7c 66 d4 59', 'mov': '6f ff 1c 01 c3 00 58 00 1b 00 fb f7 aa 01 ad ff e6 fe', 'MAC': '54:6C:0E:53:00:97'}
'2019-07-17T16:23:40.096': {'opt': '61 00', 'bar': '3b 0a 00 5a 89 01', 'temp': '84 0a fc 0c', 'hum': '80 66 d4 59', 'mov': '8c ff 05 01 bc 00 53 00 15 00 ec f7 a3 01 9e ff e1 fe', 'MAC': '54:6C:0E:53:00:97'}
'2019-07-17T16:23:45.800': {'opt': '61 00', 'bar': '3a 0a 00 5e 89 01', 'temp': '6c 0a fc 0c', 'hum': '80 66 d4 59', 'mov': '89 ff 3b 01 cf 00 4d 00 15 00 d9 f7 97 01 a3 ff d8 fe', 'MAC': '54:6C:0E:53:00:97'}
'2019-07-17T16:23:51.504': {'opt': '61 00', 'bar': '3a 0a 00 5d 89 01', 'temp': '80 0a 00 0d', 'hum': '84 66 d4 59', 'mov': '5b ff 18 01 e8 00 57 00 1c 00 fb f7 99 01 9c ff e8 fe', 'MAC': '54:6C:0E:53:00:97'}
'2019-07-17T16:23:57.207': {'opt': '61 00', 'bar': '3a 0a 00 5c 89 01', 'temp': '7c 0a 00 0d', 'hum': '84 66 d4 59', 'mov': '68 ff 1c 01 d7 00 54 00 15 00 e5 f7 9c 01 af ff eb fe', 'MAC': '54:6C:0E:53:00:97'}
'2019-07-17T16:24:02.907': {'opt': '61 00', 'bar': '3b 0a 00 5b 89 01', 'temp': '74 0a 00 0d', 'hum': '84 66 d4 59', 'mov': '54 ff 17 01 c5 00 56 00 1a 00 f9 f7 9c 01 a3 ff e4 fe', 'MAC': '54:6C:0E:53:00:97'}
'2019-07-17T16:24:08.615': {'opt': '70 00', 'bar': '3a 0a 00 5b 89 01', 'temp': '90 0a 00 0d', 'hum': '8c 66 d4 59', 'mov': '74 ff 2d 01 dd 00 4c 00 19 00 f1 f7 97 01 a8 ff e4 fe', 'MAC': '54:6C:0E:53:00:97'}
'2019-07-17T16:24:14.319': {'opt': '70 00', 'bar': '3b 0a 00 5f 89 01', 'temp': '84 0a 00 0d', 'hum': '8c 66 d4 59', 'mov': '70 ff 2f 01 d0 00 56 00 19 00 dc f7 92 01 9a ff e1 fe', 'MAC': '54:6C:0E:53:00:97'}
'2019-07-17T16:24:20.023': {'opt': '70 00', 'bar': '3a 0a 00 5b 89 01', 'temp': '7c 0a 00 0d', 'hum': '8c 66 d4 59', 'mov': '83 ff 10 01 d0 00 4d 00 1a 00 f3 f7 9e 01 a8 ff ef fe', 'MAC': '54:6C:0E:53:00:97'}
'2019-07-17T16:24:25.727': {'opt': '70 00', 'bar': '3b 0a 00 60 89 01', 'temp': '9c 0a 00 0d', 'hum': '8c 66 d4 59', 'mov': '6a ff 0c 01 db 00 56 00 1a 00 e7 f7 a9 01 ae ff e7 fe', 'MAC': '54:6C:0E:53:00:97'}
'2019-07-17T16:24:31.431': {'opt': '61 00', 'bar': '3b 0a 00 61 89 01', 'temp': '80 0a 00 0d', 'hum': '8c 66 d4 59', 'mov': '6b ff 3b 01 d4 00 55 00 10 00 e5 f7 9c 01 ad ff e4 fe', 'MAC': '54:6C:0E:53:00:97'}
'2019-07-17T16:24:37.135': {'opt': '70 00', 'bar': '3c 0a 00 60 89 01', 'temp': '94 0a 00 0d', 'hum': '8c 66 d4 59', 'mov': '5e ff 04 01 d6 00 5e 00 2b 00 e9 f7 ac 01 a6 ff e6 fe', 'MAC': '54:6C:0E:53:00:97'}
'2019-07-17T16:24:42.839': {'opt': '61 00', 'bar': '3c 0a 00 61 89 01', 'temp': '74 0a 00 0d', 'hum': '8c 66 d4 59', 'mov': '71 ff 0c 01 eb 00 5b 00 22 00 ef f7 97 01 a3 ff ed fe', 'MAC': '54:6C:0E:53:00:97'}
'2019-07-17T16:24:48.543': {'opt': '70 00', 'bar': '3b 0a 00 59 89 01', 'temp': '94 0a 00 0d', 'hum': '8c 66 d4 59', 'mov': '6f ff 1d 01 c9 00 51 00 15 00 f7 f7 96 01 94 ff e5 fe', 'MAC': '54:6C:0E:53:00:97'}
'2019-07-17T16:24:54.246': {'opt': '70 00', 'bar': '3c 0a 00 5e 89 01', 'temp': '90 0a 00 0d', 'hum': '8c 66 94 59', 'mov': '4f ff 28 01 d1 00 52 00 20 00 03 f8 92 01 a1 ff e6 fe', 'MAC': '54:6C:0E:53:00:97'}
'2019-07-17T16:24:59.950': {'opt': '70 00', 'bar': '3b 0a 00 5f 89 01', 'temp': '70 0a 00 0d', 'hum': '8c 66 94 59', 'mov': '6d ff 2c 01 c9 00 53 00 1b 00 e9 f7 9f 01 9b ff e0 fe', 'MAC': '54:6C:0E:53:00:97'}
'2019-07-17T16:25:05.656': {'opt': '70 00', 'bar': '3b 0a 00 5c 89 01', 'temp': '98 0a 04 0d', 'hum': '90 66 94 59', 'mov': '8b ff 0a 01 cc 00 51 00 1d 00 f4 f7 9e 01 a1 ff e4 fe', 'MAC': '54:6C:0E:53:00:97'}
'2019-07-17T16:25:11.357': {'opt': '70 00', 'bar': '3c 0a 00 5d 89 01', 'temp': '90 0a 04 0d', 'hum': '90 66 94 59', 'mov': '6b ff 14 01 ce 00 56 00 1d 00 f7 f7 99 01 9a ff e4 fe', 'MAC': '54:6C:0E:53:00:97'}
'2019-07-17T16:25:17.061': {'opt': '61 00', 'bar': '3c 0a 00 5c 89 01', 'temp': '80 0a 04 0d', 'hum': '90 66 94 59', 'mov': '74 ff 14 01 b0 00 59 00 1a 00 e9 f7 9f 01 a4 ff e5 fe', 'MAC': '54:6C:0E:53:00:97'}
'2019-07-17T16:25:22.814': {'opt': '70 00', 'bar': '3b 0a 00 60 89 01', 'temp': 'a4 0a 04 0d', 'hum': '90 66 94 59', 'mov': '70 ff 29 01 c8 00 4f 00 13 00 fd f7 98 01 a2 ff ec fe', 'MAC': '54:6C:0E:53:00:97'}
'2019-07-17T16:25:28.518': {'opt': '70 00', 'bar': '3c 0a 00 5e 89 01', 'temp': '90 0a 04 0d', 'hum': '9c 66 94 59', 'mov': '85 ff 41 01 d4 00 54 00 19 00 ea f7 9c 01 9e ff e6 fe', 'MAC': '54:6C:0E:53:00:97'}
'2019-07-17T16:25:34.217': {'opt': '70 00', 'bar': '3d 0a 00 60 89 01', 'temp': '9c 0a 04 0d', 'hum': '9c 66 94 59', 'mov': '6c ff 2d 01 db 00 58 00 17 00 ee f7 a3 01 a8 ff eb fe', 'MAC': '54:6C:0E:53:00:97'}
'2019-07-17T16:25:39.926': {'opt': '61 00', 'bar': '3c 0a 00 5d 89 01', 'temp': '88 0a 04 0d', 'hum': '90 66 94 59', 'mov': '67 ff 06 01 db 00 56 00 19 00 e9 f7 9b 01 a4 ff de fe', 'MAC': '54:6C:0E:53:00:97'}
'2019-07-17T16:25:45.629': {'opt': '70 00', 'bar': '3d 0a 00 5c 89 01', 'temp': '98 0a 04 0d', 'hum': '90 66 94 59', 'mov': '90 ff 5d 01 c2 00 55 00 18 00 ec f7 9e 01 a3 ff df fe', 'MAC': '54:6C:0E:53:00:97'}
'2019-07-17T16:25:51.333': {'opt': '70 00', 'bar': '3d 0a 00 60 89 01', 'temp': 'b0 0a 04 0d', 'hum': '9c 66 94 59', 'mov': '43 ff 0a 01 de 00 5e 00 18 00 f4 f7 9b 01 a2 ff e3 fe', 'MAC': '54:6C:0E:53:00:97'}
'2019-07-17T16:25:57.037': {'opt': '70 00', 'bar': '3c 0a 00 5c 89 01', 'temp': '94 0a 04 0d', 'hum': '9c 66 94 59', 'mov': '76 ff 18 01 c6 00 5a 00 1a 00 e9 f7 9e 01 9e ff e8 fe', 'MAC': '54:6C:0E:53:00:97'}
'2019-07-17T16:26:02.741': {'opt': '70 00', 'bar': '3e 0a 00 5c 89 01', 'temp': '80 0a 04 0d', 'hum': '90 66 94 59', 'mov': '60 ff 2c 01 bb 00 4b 00 24 00 f4 f7 a0 01 a1 ff e6 fe', 'MAC': '54:6C:0E:53:00:97'}
'2019-07-17T16:26:08.444': {'opt': '70 00', 'bar': '3c 0a 00 5a 89 01', 'temp': 'a4 0a 04 0d', 'hum': '9c 66 94 59', 'mov': '71 ff 2c 01 e2 00 56 00 1a 00 f8 f7 a2 01 ab ff e7 fe', 'MAC': '54:6C:0E:53:00:97'}
'2019-07-17T16:26:14.148': {'opt': '70 00', 'bar': '3c 0a 00 5a 89 01', 'temp': 'a0 0a 04 0d', 'hum': '9c 66 94 59', 'mov': '78 ff 07 01 f0 00 54 00 13 00 e4 f7 97 01 a6 ff e1 fe', 'MAC': '54:6C:0E:53:00:97'}
'2019-07-17T16:26:19.852': {'opt': '70 00', 'bar': '3c 0a 00 5b 89 01', 'temp': '88 0a 04 0d', 'hum': '9c 66 94 59', 'mov': '6c ff 0d 01 d7 00 52 00 18 00 ee f7 9c 01 aa ff eb fe', 'MAC': '54:6C:0E:53:00:97'}
'2019-07-17T16:26:25.556': {'opt': '70 00', 'bar': '3c 0a 00 5d 89 01', 'temp': '98 0a 04 0d', 'hum': '9c 66 94 59', 'mov': '48 ff 2b 01 e8 00 54 00 1c 00 eb f7 98 01 a4 ff ee fe', 'MAC': '54:6C:0E:53:00:97'}
'2019-07-17T16:26:31.263': {'opt': '70 00', 'bar': '3d 0a 00 5b 89 01', 'temp': 'ac 0a 04 0d', 'hum': '9c 66 94 59', 'mov': '66 ff 37 01 cd 00 51 00 1f 00 f1 f7 9c 01 9c ff e1 fe', 'MAC': '54:6C:0E:53:00:97'}
'2019-07-17T16:26:36.963': {'opt': '70 00', 'bar': '3d 0a 00 59 89 01', 'temp': '90 0a 04 0d', 'hum': '9c 66 94 59', 'mov': '5b ff 0a 01 da 00 51 00 19 00 fd f7 9f 01 a0 ff e9 fe', 'MAC': '54:6C:0E:53:00:97'}
'2019-07-17T16:26:42.667': {'opt': '70 00', 'bar': '3c 0a 00 5b 89 01', 'temp': '90 0a 04 0d', 'hum': '9c 66 94 59', 'mov': '79 ff 4f 00 ed 00 3a 00 32 00 ea f8 a8 01 9c ff e1 fe', 'MAC': '54:6C:0E:53:00:97'}
'2019-07-17T16:26:48.371': {'opt': '70 00', 'bar': '3d 0a 00 5b 89 01', 'temp': '9c 0a 04 0d', 'hum': '9c 66 94 59', 'mov': '53 ff 34 01 de 00 5d 00 21 00 e6 f7 a3 01 a3 ff e4 fe', 'MAC': '54:6C:0E:53:00:97'}
'2019-07-17T16:26:54.075': {'opt': '49 29', 'bar': '3c 0a 00 5b 89 01', 'temp': '8c 0b 04 0d', 'hum': '9c 66 94 59', 'mov': '38 51 00 80 06 fe 20 05 74 fe 4b 01 a8 01 af ff ed fe', 'MAC': '54:6C:0E:53:00:97'}
'2019-07-17T16:26:59.779': {'opt': '70 00', 'bar': '3c 0a 00 5c 89 01', 'temp': '9c 0a 04 0d', 'hum': 'a0 66 14 5a', 'mov': '6c ff 16 01 b5 00 58 00 1e 00 f9 f7 ac 01 93 ff f4 fe', 'MAC': '54:6C:0E:53:00:97'}
'2019-07-17T16:27:05.490': {'opt': '70 00', 'bar': '3d 0a 00 5a 89 01', 'temp': '98 0a 04 0d', 'hum': 'a0 66 14 5a', 'mov': '78 ff 23 01 d5 00 4f 00 24 00 f9 f7 b1 01 9e ff fb fe', 'MAC': '54:6C:0E:53:00:97'}
'2019-07-17T16:27:11.236': {'opt': '59 00', 'bar': '3d 0a 00 59 89 01', 'temp': 'a0 0a 04 0d', 'hum': '9c 66 14 5a', 'mov': '63 ff 2d 01 d0 00 4a 00 10 00 e8 f7 bc 01 a0 ff f9 fe', 'MAC': '54:6C:0E:53:00:97'}
'2019-07-17T16:27:16.939': {'opt': '61 00', 'bar': '3d 0a 00 59 89 01', 'temp': '88 0a 04 0d', 'hum': 'a0 66 54 5a', 'mov': '88 ff 25 01 f1 00 57 00 1c 00 f0 f7 b2 01 a0 ff fe fe', 'MAC': '54:6C:0E:53:00:97'}
'2019-07-17T16:27:22.643': {'opt': '61 00', 'bar': '3c 0a 00 5b 89 01', 'temp': 'a8 0a 04 0d', 'hum': 'a0 66 14 5a', 'mov': '5e ff 1c 01 ef 00 58 00 1d 00 ea f7 bb 01 9e ff f6 fe', 'MAC': '54:6C:0E:53:00:97'}
'2019-07-17T16:27:28.347': {'opt': '59 00', 'bar': '3d 0a 00 5a 89 01', 'temp': 'b4 0a 04 0d', 'hum': '9c 66 14 5a', 'mov': '69 ff 13 01 bd 00 5d 00 17 00 f4 f7 b2 01 a4 ff f5 fe', 'MAC': '54:6C:0E:53:00:97'}
'2019-07-17T16:27:34.051': {'opt': '61 00', 'bar': '3e 0a 00 5e 89 01', 'temp': '84 0a 04 0d', 'hum': 'a0 66 14 5a', 'mov': '6e ff 0c 01 c2 00 5c 00 1d 00 f9 f7 b0 01 a7 ff fc fe', 'MAC': '54:6C:0E:53:00:97'}
'2019-07-17T16:27:39.754': {'opt': '61 00', 'bar': '3d 0a 00 61 89 01', 'temp': '88 0a 04 0d', 'hum': 'a0 66 14 5a', 'mov': '85 ff f6 00 cd 00 58 00 22 00 f0 f7 b0 01 ab ff f7 fe', 'MAC': '54:6C:0E:53:00:97'}
'2019-07-17T16:27:45.457': {'opt': '70 00', 'bar': '3e 0a 00 5c 89 01', 'temp': '98 0a 04 0d', 'hum': '9c 66 14 5a', 'mov': '6d ff 28 01 d7 00 5e 00 21 00 eb f7 b2 01 a4 ff 07 ff', 'MAC': '54:6C:0E:53:00:97'}
'2019-07-17T16:27:51.162': {'opt': '61 00', 'bar': '3e 0a 00 5d 89 01', 'temp': '7c 0a 04 0d', 'hum': 'a0 66 14 5a', 'mov': '4e ff 22 01 c7 00 61 00 1e 00 ea f7 b1 01 9c ff f1 fe', 'MAC': '54:6C:0E:53:00:97'}
'2019-07-17T16:27:56.866': {'opt': '70 00', 'bar': '3d 0a 00 5a 89 01', 'temp': '8c 0a 08 0d', 'hum': 'a0 66 14 5a', 'mov': '49 ff 15 01 c1 00 50 00 16 00 fa f7 b0 01 9b ff ec fe', 'MAC': '54:6C:0E:53:00:97'}
'2019-07-17T16:28:02.567': {'opt': '61 00', 'bar': '3e 0a 00 5a 89 01', 'temp': '90 0a 04 0d', 'hum': 'a0 66 14 5a', 'mov': '58 ff 22 01 aa 00 54 00 15 00 fa f7 c1 01 a0 ff 00 ff', 'MAC': '54:6C:0E:53:00:97'}
'2019-07-17T16:28:08.274': {'opt': '61 00', 'bar': '3e 0a 00 5a 89 01', 'temp': '80 0a 08 0d', 'hum': '9c 66 14 5a', 'mov': '67 ff 01 01 d7 00 5a 00 19 00 e9 f7 b8 01 9e ff fd fe', 'MAC': '54:6C:0E:53:00:97'}
'2019-07-17T16:28:13.977': {'opt': '70 00', 'bar': '3e 0a 00 5a 89 01', 'temp': '9c 0a 08 0d', 'hum': 'a0 66 14 5a', 'mov': '6d ff 10 01 ed 00 63 00 1f 00 e8 f7 ae 01 a0 ff f7 fe', 'MAC': '54:6C:0E:53:00:97'}
'2019-07-17T16:28:19.681': {'opt': '70 00', 'bar': '3d 0a 00 5b 89 01', 'temp': '80 0a 08 0d', 'hum': 'a4 66 14 5a', 'mov': '44 ff 15 01 df 00 58 00 1e 00 f3 f7 b4 01 ad ff 06 ff', 'MAC': '54:6C:0E:53:00:97'}
'2019-07-17T16:28:25.385': {'opt': '70 00', 'bar': '3e 0a 00 58 89 01', 'temp': 'b0 0a 08 0d', 'hum': 'a0 66 14 5a', 'mov': '83 ff 21 01 dd 00 58 00 1c 00 e5 f7 a6 01 9d ff fc fe', 'MAC': '54:6C:0E:53:00:97'}
'2019-07-17T16:28:31.088': {'opt': '70 00', 'bar': '3e 0a 00 5d 89 01', 'temp': 'a4 0a 08 0d', 'hum': 'a4 66 14 5a', 'mov': '79 ff 1c 01 eb 00 69 00 10 00 e8 f7 bb 01 a3 ff fd fe', 'MAC': '54:6C:0E:53:00:97'}
'2019-07-17T16:28:36.797': {'opt': '70 00', 'bar': '3e 0a 00 5a 89 01', 'temp': 'b0 0a 08 0d', 'hum': 'a0 66 14 5a', 'mov': '98 ff 1e 01 da 00 59 00 1e 00 ea f7 b4 01 a6 ff ff fe', 'MAC': '54:6C:0E:53:00:97'}
'2019-07-17T16:28:42.547': {'opt': '70 00', 'bar': '3e 0a 00 59 89 01', 'temp': '98 0a 08 0d', 'hum': 'a0 66 14 5a', 'mov': '79 ff 14 01 ce 00 51 00 22 00 fa f7 af 01 9a ff f6 fe', 'MAC': '54:6C:0E:53:00:97'}
'2019-07-17T16:28:48.253': {'opt': '61 00', 'bar': '3e 0a 00 5a 89 01', 'temp': 'a8 0a 08 0d', 'hum': 'a4 66 14 5a', 'mov': '4e ff 1c 01 d4 00 5b 00 1f 00 e4 f7 af 01 95 ff f8 fe', 'MAC': '54:6C:0E:53:00:97'}
'2019-07-17T16:28:53.953': {'opt': '61 00', 'bar': '3e 0a 00 5b 89 01', 'temp': 'a4 0a 08 0d', 'hum': 'a4 66 14 5a', 'mov': '89 ff 17 01 dd 00 52 00 1a 00 e6 f7 b2 01 a0 ff f3 fe', 'MAC': '54:6C:0E:53:00:97'}
'2019-07-17T16:28:59.660': {'opt': '70 00', 'bar': '3e 0a 00 56 89 01', 'temp': 'a4 0a 08 0d', 'hum': 'a0 66 14 5a', 'mov': '64 ff 22 01 b0 00 52 00 22 00 f2 f7 ac 01 93 ff f6 fe', 'MAC': '54:6C:0E:53:00:97'}
'2019-07-17T16:29:05.363': {'opt': '61 00', 'bar': '3f 0a 00 5a 89 01', 'temp': '88 0a 08 0d', 'hum': 'a4 66 14 5a', 'mov': '77 ff 11 01 cb 00 62 00 1f 00 f6 f7 ab 01 9b ff f3 fe', 'MAC': '54:6C:0E:53:00:97'}
'2019-07-17T16:29:11.064': {'opt': '70 00', 'bar': '3e 0a 00 57 89 01', 'temp': 'ac 0a 08 0d', 'hum': 'a4 66 14 5a', 'mov': '5b ff 29 01 e5 00 5a 00 21 00 ec f7 ba 01 9d ff f9 fe', 'MAC': '54:6C:0E:53:00:97'}
'2019-07-17T16:29:16.768': {'opt': '70 00', 'bar': '3f 0a 00 5a 89 01', 'temp': 'c8 0a 08 0d', 'hum': 'a4 66 14 5a', 'mov': '8f ff 06 01 d0 00 56 00 19 00 ef f7 a2 01 91 ff fc fe', 'MAC': '54:6C:0E:53:00:97'}
'2019-07-17T16:29:22.475': {'opt': '70 00', 'bar': '3f 0a 00 57 89 01', 'temp': '9c 0a 08 0d', 'hum': 'a0 66 14 5a', 'mov': '6e ff 19 01 eb 00 5b 00 20 00 ff f7 bb 01 a1 ff ff fe', 'MAC': '54:6C:0E:53:00:97'}
'2019-07-17T16:29:28.179': {'opt': '70 00', 'bar': '3f 0a 00 54 89 01', 'temp': '94 0a 08 0d', 'hum': 'a4 66 14 5a', 'mov': '49 ff 13 01 c9 00 58 00 14 00 ec f7 b0 01 a0 ff f3 fe', 'MAC': '54:6C:0E:53:00:97'}
'2019-07-17T16:29:33.879': {'opt': '70 00', 'bar': '3f 0a 00 54 89 01', 'temp': '84 0a 08 0d', 'hum': 'a4 66 14 5a', 'mov': '4b ff 2d 01 ad 00 55 00 1a 00 de f7 b5 01 9b ff f3 fe', 'MAC': '54:6C:0E:53:00:97'}
'2019-07-17T16:29:39.632': {'opt': '70 00', 'bar': '3f 0a 00 56 89 01', 'temp': 'b0 0a 08 0d', 'hum': 'a4 66 14 5a', 'mov': '62 ff 1b 01 df 00 57 00 19 00 f2 f7 b0 01 9b ff f5 fe', 'MAC': '54:6C:0E:53:00:97'}
'2019-07-17T16:29:45.384': {'opt': '70 00', 'bar': '3f 0a 00 5a 89 01', 'temp': '9c 0a 08 0d', 'hum': 'a4 66 14 5a', 'mov': '7b ff 17 01 d6 00 60 00 1c 00 ef f7 b5 01 9d ff 00 ff', 'MAC': '54:6C:0E:53:00:97'}
'2019-07-17T16:29:51.088': {'opt': '70 00', 'bar': '3e 0a 00 5b 89 01', 'temp': '8c 0a 08 0d', 'hum': 'a4 66 14 5a', 'mov': '5d ff 26 01 fa 00 56 00 29 00 43 f8 b1 01 a1 ff f8 fe', 'MAC': '54:6C:0E:53:00:97'}
'2019-07-17T16:29:56.787': {'opt': '70 00', 'bar': '3f 0a 00 59 89 01', 'temp': '98 0a 08 0d', 'hum': 'a4 66 d4 59', 'mov': '87 ff 0e 01 cf 00 59 00 13 00 f6 f7 bb 01 a3 ff 01 ff', 'MAC': '54:6C:0E:53:00:97'}
'2019-07-17T16:30:02.495': {'opt': '70 00', 'bar': '40 0a 00 5d 89 01', 'temp': '88 0a 08 0d', 'hum': 'a0 66 d4 59', 'mov': '63 ff 10 01 cd 00 58 00 1a 00 ef f7 b8 01 a3 ff f6 fe', 'MAC': '54:6C:0E:53:00:97'}
'2019-07-17T16:30:08.247': {'opt': '59 00', 'bar': '3f 0a 00 59 89 01', 'temp': '98 0a 08 0d', 'hum': 'a4 66 14 5a', 'mov': '55 ff 21 01 bd 00 5b 00 1d 00 f3 f7 af 01 9c ff fb fe', 'MAC': '54:6C:0E:53:00:97'}
'2019-07-17T16:30:13.952': {'opt': '70 00', 'bar': '40 0a 00 5e 89 01', 'temp': 'ac 0a 08 0d', 'hum': 'a4 66 d4 59', 'mov': '55 ff 13 01 d0 00 51 00 1a 00 db f7 bd 01 a3 ff f8 fe', 'MAC': '54:6C:0E:53:00:97'}
'2019-07-17T16:30:19.656': {'opt': '59 00', 'bar': '3f 0a 00 56 89 01', 'temp': '98 0a 08 0d', 'hum': 'a4 66 d4 59', 'mov': '5a ff 0c 01 d0 00 48 00 14 00 f8 f7 b6 01 a3 ff fd fe', 'MAC': '54:6C:0E:53:00:97'}
'2019-07-17T16:30:25.359': {'opt': '70 00', 'bar': '3f 0a 00 55 89 01', 'temp': '98 0a 08 0d', 'hum': 'a0 66 d4 59', 'mov': '63 ff 36 01 c7 00 5d 00 16 00 ed f7 ab 01 a7 ff 00 ff', 'MAC': '54:6C:0E:53:00:97'}
'2019-07-17T16:30:31.064': {'opt': '70 00', 'bar': '40 0a 00 5d 89 01', 'temp': 'ac 0a 08 0d', 'hum': 'a4 66 d4 59', 'mov': '60 ff 1c 01 f9 00 59 00 23 00 e9 f7 b1 01 a1 ff fb fe', 'MAC': '54:6C:0E:53:00:97'}
'2019-07-17T16:30:36.767': {'opt': '70 00', 'bar': '3f 0a 00 53 89 01', 'temp': 'a8 0a 08 0d', 'hum': 'a4 66 d4 59', 'mov': '73 ff 14 01 d5 00 5d 00 2a 00 f3 f7 b6 01 9c ff f8 fe', 'MAC': '54:6C:0E:53:00:97'}
'2019-07-17T16:30:42.474': {'opt': '70 00', 'bar': '3f 0a 00 57 89 01', 'temp': 'a4 0a 08 0d', 'hum': 'a4 66 d4 59', 'mov': '61 ff 2a 01 bd 00 58 00 1b 00 e9 f7 b8 01 a6 ff fb fe', 'MAC': '54:6C:0E:53:00:97'}
'2019-07-17T16:30:48.180': {'opt': '70 00', 'bar': '3e 0a 00 54 89 01', 'temp': '88 0a 08 0d', 'hum': 'a4 66 d4 59', 'mov': '74 ff 19 01 c7 00 42 00 2c 00 74 f8 b8 01 a6 ff ff fe', 'MAC': '54:6C:0E:53:00:97'}
'2019-07-17T16:30:53.879': {'opt': '70 00', 'bar': '3e 0a 00 57 89 01', 'temp': '9c 0a 08 0d', 'hum': 'a4 66 d4 59', 'mov': '70 ff 1f 01 dc 00 57 00 1d 00 f5 f7 b5 01 a9 ff 03 ff', 'MAC': '54:6C:0E:53:00:97'}
'2019-07-17T16:30:59.583': {'opt': '70 00', 'bar': '3f 0a 00 58 89 01', 'temp': '88 0a 08 0d', 'hum': 'a4 66 d4 59', 'mov': '6b ff 03 01 e2 00 4e 00 18 00 f7 f7 b4 01 a3 ff 01 ff', 'MAC': '54:6C:0E:53:00:97'}
'2019-07-17T16:31:05.286': {'opt': '70 00', 'bar': '3f 0a 00 5c 89 01', 'temp': 'a0 0a 08 0d', 'hum': 'a4 66 d4 59', 'mov': '54 ff 0a 01 bf 00 5c 00 22 00 ef f7 bb 01 9a ff fb fe', 'MAC': '54:6C:0E:53:00:97'}
'2019-07-17T16:31:10.990': {'opt': '70 00', 'bar': '3f 0a 00 59 89 01', 'temp': 'c0 0a 08 0d', 'hum': 'a4 66 d4 59', 'mov': '8b ff 23 01 c8 00 59 00 20 00 f7 f7 aa 01 9a ff 04 ff', 'MAC': '54:6C:0E:53:00:97'}
'2019-07-17T16:31:16.694': {'opt': '70 00', 'bar': '3e 0a 00 59 89 01', 'temp': '9c 0a 08 0d', 'hum': 'ac 66 d4 59', 'mov': '4b ff 2e 01 d7 00 54 00 1c 00 eb f7 b8 01 a6 ff f8 fe', 'MAC': '54:6C:0E:53:00:97'}
'2019-07-17T16:31:22.398': {'opt': '61 00', 'bar': '3f 0a 00 59 89 01', 'temp': 'a0 0a 08 0d', 'hum': 'a4 66 d4 59', 'mov': '74 ff 32 01 c9 00 5d 00 0e 00 ef f7 bb 01 a3 ff f8 fe', 'MAC': '54:6C:0E:53:00:97'}
'2019-07-17T16:31:28.102': {'opt': '70 00', 'bar': '3f 0a 00 5d 89 01', 'temp': '9c 0a 08 0d', 'hum': 'ac 66 d4 59', 'mov': '6d ff 42 01 c9 00 56 00 1d 00 e5 f7 bd 01 97 ff fb fe', 'MAC': '54:6C:0E:53:00:97'}
'2019-07-17T16:31:33.806': {'opt': '70 00', 'bar': '3f 0a 00 55 89 01', 'temp': 'a4 0a 08 0d', 'hum': 'ac 66 d4 59', 'mov': '5c ff 1a 01 be 00 55 00 11 00 f5 f7 b0 01 a2 ff 07 ff', 'MAC': '54:6C:0E:53:00:97'}
'2019-07-17T16:31:39.509': {'opt': '61 00', 'bar': '3f 0a 00 59 89 01', 'temp': '8c 0a 08 0d', 'hum': 'a4 66 d4 59', 'mov': '68 ff f3 00 e3 00 5a 00 19 00 dc f7 b2 01 a0 ff f7 fe', 'MAC': '54:6C:0E:53:00:97'}
'2019-07-17T16:31:45.213': {'opt': '70 00', 'bar': '40 0a 00 5f 89 01', 'temp': 'a8 0a 08 0d', 'hum': 'a4 66 d4 59', 'mov': '6e ff 1e 01 d0 00 51 00 1a 00 e9 f7 ba 01 a2 ff fe fe', 'MAC': '54:6C:0E:53:00:97'}
'2019-07-17T16:31:50.917': {'opt': '70 00', 'bar': '3f 0a 00 58 89 01', 'temp': '98 0a 08 0d', 'hum': 'a4 66 d4 59', 'mov': '6e ff 32 01 d1 00 54 00 21 00 f1 f7 b7 01 a2 ff 05 ff', 'MAC': '54:6C:0E:53:00:97'}
'2019-07-17T16:31:56.621': {'opt': '70 00', 'bar': '3f 0a 00 5d 89 01', 'temp': '8c 0a 08 0d', 'hum': 'a4 66 d4 59', 'mov': '69 ff 15 01 cf 00 50 00 1a 00 e9 f7 b1 01 a3 ff 04 ff', 'MAC': '54:6C:0E:53:00:97'}
'2019-07-17T16:32:02.325': {'opt': '70 00', 'bar': '3f 0a 00 59 89 01', 'temp': 'ac 0a 08 0d', 'hum': 'a4 66 d4 59', 'mov': '55 ff 2b 01 dc 00 56 00 1d 00 ed f7 b0 01 99 ff 05 ff', 'MAC': '54:6C:0E:53:00:97'}
'2019-07-17T16:32:08.029': {'opt': '70 00', 'bar': '40 0a 00 5d 89 01', 'temp': 'ac 0a 08 0d', 'hum': 'ac 66 d4 59', 'mov': '7c ff 0c 01 cb 00 5d 00 23 00 ec f7 ba 01 a0 ff fc fe', 'MAC': '54:6C:0E:53:00:97'}
'2019-07-17T16:32:13.732': {'opt': '70 00', 'bar': '41 0a 00 5a 89 01', 'temp': 'a4 0a 08 0d', 'hum': 'ac 66 d4 59', 'mov': '29 ff 25 01 e8 00 60 00 0b 00 03 f8 bd 01 a3 ff 01 ff', 'MAC': '54:6C:0E:53:00:97'}
'2019-07-17T16:32:19.436': {'opt': '59 00', 'bar': '3f 0a 00 58 89 01', 'temp': 'a8 0a 08 0d', 'hum': 'a4 66 d4 59', 'mov': '66 ff 26 01 d0 00 4f 00 1c 00 e6 f7 ae 01 a0 ff fe fe', 'MAC': '54:6C:0E:53:00:97'}
'2019-07-17T16:32:25.140': {'opt': '70 00', 'bar': '3f 0a 00 57 89 01', 'temp': 'a0 0a 08 0d', 'hum': 'a4 66 d4 59', 'mov': '4c ff 23 01 c3 00 51 00 16 00 e6 f7 af 01 9a ff fb fe', 'MAC': '54:6C:0E:53:00:97'}
'2019-07-17T16:32:30.843': {'opt': '70 00', 'bar': '40 0a 00 5c 89 01', 'temp': 'a4 0a 08 0d', 'hum': 'ac 66 d4 59', 'mov': '6d ff 36 01 c7 00 5d 00 18 00 f0 f7 bd 01 9e ff ff fe', 'MAC': '54:6C:0E:53:00:97'}
'2019-07-17T16:32:36.547': {'opt': '70 00', 'bar': '40 0a 00 5c 89 01', 'temp': 'b4 0a 08 0d', 'hum': 'ac 66 d4 59', 'mov': '8b ff 2e 01 c8 00 55 00 15 00 f0 f7 b0 01 a2 ff f5 fe', 'MAC': '54:6C:0E:53:00:97'}
'2019-07-17T16:32:42.251': {'opt': '70 00', 'bar': '40 0a 00 57 89 01', 'temp': '88 0a 08 0d', 'hum': 'a4 66 d4 59', 'mov': '6e ff 2d 01 ce 00 51 00 18 00 f2 f7 af 01 a3 ff f8 fe', 'MAC': '54:6C:0E:53:00:97'}
'2019-07-17T16:32:47.955': {'opt': '61 00', 'bar': '40 0a 00 56 89 01', 'temp': '9c 0a 08 0d', 'hum': 'ac 66 d4 59', 'mov': '7c ff 12 01 e3 00 5a 00 20 00 ea f7 b7 01 9b ff fc fe', 'MAC': '54:6C:0E:53:00:97'}
'2019-07-17T16:32:53.658': {'opt': '68 00', 'bar': '3e 0a 00 56 89 01', 'temp': 'c0 0a 08 0d', 'hum': 'ac 66 d4 59', 'mov': '5c ff 04 01 d4 00 68 00 1a 00 ea f7 a9 01 9b ff f9 fe', 'MAC': '54:6C:0E:53:00:97'}
'2019-07-17T16:32:59.363': {'opt': '68 00', 'bar': '3f 0a 00 56 89 01', 'temp': 'a4 0a 08 0d', 'hum': 'a4 66 d4 59', 'mov': '34 ff 2b 01 bf 00 62 00 1b 00 1c f8 ac 01 9a ff ff fe', 'MAC': '54:6C:0E:53:00:97'}
'2019-07-17T16:33:05.067': {'opt': '68 00', 'bar': '3f 0a 00 59 89 01', 'temp': 'c0 0a 08 0d', 'hum': 'a4 66 d4 59', 'mov': '73 ff 1b 01 d2 00 63 00 1b 00 ea f7 ac 01 9a ff fd fe', 'MAC': '54:6C:0E:53:00:97'}
'2019-07-17T16:33:10.770': {'opt': '68 00', 'bar': '3f 0a 00 58 89 01', 'temp': '9c 0a 08 0d', 'hum': 'ac 66 d4 59', 'mov': '79 ff 10 01 d5 00 5a 00 18 00 ed f7 bd 01 9e ff f4 fe', 'MAC': '54:6C:0E:53:00:97'}
'2019-07-17T16:33:16.474': {'opt': '68 00', 'bar': '40 0a 00 59 89 01', 'temp': 'a4 0a 08 0d', 'hum': 'ac 66 d4 59', 'mov': '5f ff 28 01 ec 00 56 00 1c 00 f4 f7 b1 01 9e ff 06 ff', 'MAC': '54:6C:0E:53:00:97'}
'2019-07-17T16:33:22.178': {'opt': '68 00', 'bar': '41 0a 00 59 89 01', 'temp': 'bc 0a 08 0d', 'hum': 'a4 66 d4 59', 'mov': 'b1 ff 32 01 f5 00 57 00 1c 00 f9 f7 bd 01 a3 ff ef fe', 'MAC': '54:6C:0E:53:00:97'}
'2019-07-17T16:33:27.882': {'opt': '68 00', 'bar': '3f 0a 00 56 89 01', 'temp': '9c 0a 08 0d', 'hum': 'ac 66 d4 59', 'mov': '8e ff 2d 01 d7 00 5e 00 19 00 ea f7 b2 01 a2 ff fc fe', 'MAC': '54:6C:0E:53:00:97'}
'2019-07-17T16:33:33.585': {'opt': '68 00', 'bar': '40 0a 00 56 89 01', 'temp': 'a0 0a 08 0d', 'hum': 'a4 66 d4 59', 'mov': '8b ff 01 01 fc 00 4e 00 15 00 ed f7 b4 01 9e ff fd fe', 'MAC': '54:6C:0E:53:00:97'}
'2019-07-17T16:33:39.289': {'opt': '68 00', 'bar': '40 0a 00 54 89 01', 'temp': 'ac 0a 08 0d', 'hum': 'a4 66 d4 59', 'mov': '5b ff 0f 01 c2 00 59 00 23 00 ee f7 b2 01 9d ff fc fe', 'MAC': '54:6C:0E:53:00:97'}
'2019-07-17T16:33:44.993': {'opt': '68 00', 'bar': '3f 0a 00 58 89 01', 'temp': 'a8 0a 08 0d', 'hum': 'a4 66 d4 59', 'mov': '5b ff 0e 01 cc 00 50 00 18 00 f4 f7 bc 01 ae ff f9 fe', 'MAC': '54:6C:0E:53:00:97'}
'2019-07-17T16:33:50.696': {'opt': '68 00', 'bar': '40 0a 00 57 89 01', 'temp': 'a0 0a 08 0d', 'hum': 'ac 66 d4 59', 'mov': '89 ff 26 01 ca 00 62 00 1f 00 f1 f7 b5 01 9d ff f9 fe', 'MAC': '54:6C:0E:53:00:97'}
'2019-07-17T16:33:56.400': {'opt': '68 00', 'bar': '41 0a 00 57 89 01', 'temp': '9c 0a 08 0d', 'hum': 'ac 66 d4 59', 'mov': '66 ff 20 01 b8 00 55 00 21 00 ea f7 aa 01 a3 ff ff fe', 'MAC': '54:6C:0E:53:00:97'}
'2019-07-17T16:34:02.104': {'opt': '68 00', 'bar': '40 0a 00 56 89 01', 'temp': 'a8 0a 08 0d', 'hum': 'ac 66 d4 59', 'mov': '84 ff 24 01 cc 00 5a 00 15 00 ec f7 b5 01 9b ff 00 ff', 'MAC': '54:6C:0E:53:00:97'}
'2019-07-17T16:34:07.808': {'opt': '68 00', 'bar': '40 0a 00 58 89 01', 'temp': 'a4 0a 08 0d', 'hum': 'ac 66 d4 59', 'mov': '8e ff 30 01 ca 00 5c 00 1e 00 e8 f7 bc 01 a2 ff 07 ff', 'MAC': '54:6C:0E:53:00:97'}
'2019-07-17T16:34:13.512': {'opt': '68 00', 'bar': '3f 0a 00 58 89 01', 'temp': '9c 0a 08 0d', 'hum': 'a4 66 d4 59', 'mov': '9c ff 18 01 cb 00 5d 00 18 00 e3 f7 b6 01 a6 ff fb fe', 'MAC': '54:6C:0E:53:00:97'}
'2019-07-17T16:34:19.215': {'opt': '68 00', 'bar': '3f 0a 00 57 89 01', 'temp': 'b4 0a 08 0d', 'hum': 'ac 66 d4 59', 'mov': '61 ff 1f 01 e1 00 55 00 21 00 f0 f7 b6 01 9c ff ff fe', 'MAC': '54:6C:0E:53:00:97'}
'2019-07-17T16:34:24.919': {'opt': '68 00', 'bar': '40 0a 00 5b 89 01', 'temp': '94 0a 08 0d', 'hum': 'a4 66 d4 59', 'mov': '7f ff 34 01 e8 00 58 00 19 00 ff f7 b4 01 9e ff fd fe', 'MAC': '54:6C:0E:53:00:97'}
'2019-07-17T16:34:30.623': {'opt': '68 00', 'bar': '40 0a 00 5a 89 01', 'temp': '9c 0a 08 0d', 'hum': 'a4 66 d4 59', 'mov': '5e ff 3b 01 e0 00 54 00 1e 00 e7 f7 b2 01 99 ff f5 fe', 'MAC': '54:6C:0E:53:00:97'}
'2019-07-17T16:34:36.327': {'opt': '68 00', 'bar': '40 0a 00 55 89 01', 'temp': 'b4 0a 08 0d', 'hum': 'a4 66 d4 59', 'mov': '72 ff 2a 01 ea 00 46 00 14 00 08 f8 ba 01 a2 ff f3 fe', 'MAC': '54:6C:0E:53:00:97'}
'2019-07-17T16:34:42.030': {'opt': '68 00', 'bar': '3f 0a 00 54 89 01', 'temp': 'b0 0a 08 0d', 'hum': 'ac 66 d4 59', 'mov': '59 ff 38 01 c5 00 54 00 24 00 f1 f7 bd 01 a8 ff fd fe', 'MAC': '54:6C:0E:53:00:97'}
'2019-07-17T16:34:47.734': {'opt': '68 00', 'bar': '40 0a 00 56 89 01', 'temp': '9c 0a 08 0d', 'hum': 'ac 66 d4 59', 'mov': '65 ff 4d 01 e1 00 45 00 18 00 e0 f7 b7 01 9b ff 00 ff', 'MAC': '54:6C:0E:53:00:97'}
'2019-07-17T16:34:53.438': {'opt': '68 00', 'bar': '40 0a 00 55 89 01', 'temp': '9c 0a 08 0d', 'hum': 'a4 66 d4 59', 'mov': '6a ff 33 01 d3 00 56 00 1d 00 f5 f7 b1 01 a1 ff ff fe', 'MAC': '54:6C:0E:53:00:97'}
'2019-07-17T16:34:59.191': {'opt': '68 00', 'bar': '40 0a 00 59 89 01', 'temp': 'b0 0a 08 0d', 'hum': 'ac 66 d4 59', 'mov': '71 ff 1a 01 c6 00 64 00 19 00 cf f7 b5 01 a2 ff f9 fe', 'MAC': '54:6C:0E:53:00:97'}
'2019-07-17T16:35:04.894': {'opt': '68 00', 'bar': '3f 0a 00 55 89 01', 'temp': 'a4 0a 08 0d', 'hum': 'ac 66 d4 59', 'mov': '62 ff 0f 01 ea 00 56 00 17 00 ed f7 ba 01 a7 ff fc fe', 'MAC': '54:6C:0E:53:00:97'}
'2019-07-17T16:35:10.598': {'opt': '68 00', 'bar': '3f 0a 00 54 89 01', 'temp': 'b0 0a 08 0d', 'hum': 'ac 66 d4 59', 'mov': '45 ff 1d 01 af 00 4c 00 1a 00 f3 f7 b4 01 a1 ff 01 ff', 'MAC': '54:6C:0E:53:00:97'}
'2019-07-17T16:35:16.302': {'opt': '68 00', 'bar': '40 0a 00 59 89 01', 'temp': 'bc 0a 08 0d', 'hum': 'ac 66 d4 59', 'mov': '7b ff 3f 01 be 00 57 00 17 00 ee f7 b1 01 9e ff f6 fe', 'MAC': '54:6C:0E:53:00:97'}
'2019-07-17T16:35:22.104': {'opt': '68 00', 'bar': '41 0a 00 58 89 01', 'temp': 'b4 0a 08 0d', 'hum': 'ac 66 d4 59', 'mov': '67 ff 30 01 ce 00 5f 00 1a 00 f2 f7 b8 01 a3 ff ff fe', 'MAC': '54:6C:0E:53:00:97'}
'2019-07-17T16:35:27.807': {'opt': '68 00', 'bar': '40 0a 00 55 89 01', 'temp': 'b4 0a 08 0d', 'hum': 'ac 66 d4 59', 'mov': '63 ff 15 01 d6 00 5f 00 17 00 e5 f7 ba 01 9b ff 03 ff', 'MAC': '54:6C:0E:53:00:97'}
'2019-07-17T16:35:33.511': {'opt': '68 00', 'bar': '40 0a 00 58 89 01', 'temp': '94 0a 08 0d', 'hum': 'ac 66 d4 59', 'mov': '6e ff 1a 01 d1 00 5a 00 19 00 eb f7 bb 01 a3 ff fd fe', 'MAC': '54:6C:0E:53:00:97'}
'2019-07-17T16:35:39.215': {'opt': '68 00', 'bar': '3f 0a 00 53 89 01', 'temp': 'bc 0a 08 0d', 'hum': 'a4 66 d4 59', 'mov': '5d ff 1d 01 ce 00 5c 00 1a 00 f1 f7 b5 01 9b ff f7 fe', 'MAC': '54:6C:0E:53:00:97'}
'2019-07-17T16:35:44.919': {'opt': '68 00', 'bar': '40 0a 00 57 89 01', 'temp': 'd0 0a 08 0d', 'hum': 'a4 66 d4 59', 'mov': '3d ff 42 01 bc 00 7a 00 10 00 eb f7 a8 01 97 ff 01 ff', 'MAC': '54:6C:0E:53:00:97'}
'2019-07-17T16:35:50.623': {'opt': '68 00', 'bar': '3f 0a 00 54 89 01', 'temp': '8c 0a 08 0d', 'hum': 'a4 66 d4 59', 'mov': '4d ff 17 01 ab 00 49 00 1f 00 f8 f7 b4 01 9c ff fb fe', 'MAC': '54:6C:0E:53:00:97'}
'2019-07-17T16:35:56.326': {'opt': '68 00', 'bar': '40 0a 00 5a 89 01', 'temp': 'b4 0a 08 0d', 'hum': 'ac 66 94 59', 'mov': '56 ff 19 01 d2 00 5b 00 1e 00 e1 f7 b0 01 94 ff f9 fe', 'MAC': '54:6C:0E:53:00:97'}
'2019-07-17T16:36:02.030': {'opt': '68 00', 'bar': '3f 0a 00 57 89 01', 'temp': '88 0a 08 0d', 'hum': 'a4 66 94 59', 'mov': '5c ff 08 01 b2 00 4c 00 10 00 1c f8 b7 01 a0 ff 00 ff', 'MAC': '54:6C:0E:53:00:97'}
'2019-07-17T16:36:07.734': {'opt': '68 00', 'bar': '3f 0a 00 55 89 01', 'temp': 'b0 0a 08 0d', 'hum': 'ac 66 94 59', 'mov': '7a ff f7 00 b0 00 53 00 1f 00 f0 f7 ba 01 a4 ff 07 ff', 'MAC': '54:6C:0E:53:00:97'}
'2019-07-17T16:36:13.486': {'opt': '68 00', 'bar': '3f 0a 00 55 89 01', 'temp': 'b0 0a 08 0d', 'hum': 'ac 66 94 59', 'mov': '7e ff 23 01 c1 00 5a 00 1b 00 fd f7 b8 01 a3 ff 06 ff', 'MAC': '54:6C:0E:53:00:97'}
'2019-07-17T16:36:19.190': {'opt': '68 00', 'bar': '40 0a 00 59 89 01', 'temp': 'c4 0a 08 0d', 'hum': 'a4 66 94 59', 'mov': '64 ff 57 01 e2 00 53 00 1e 00 e1 f7 b4 01 a1 ff fb fe', 'MAC': '54:6C:0E:53:00:97'}
'2019-07-17T16:36:24.894': {'opt': '68 00', 'bar': '3f 0a 00 57 89 01', 'temp': 'b0 0a 08 0d', 'hum': 'b0 66 94 59', 'mov': '79 ff 24 01 b7 00 64 00 1e 00 db f7 ae 01 a7 ff fc fe', 'MAC': '54:6C:0E:53:00:97'}
'2019-07-17T16:36:30.597': {'opt': '68 00', 'bar': '3f 0a 00 51 89 01', 'temp': '98 0a 08 0d', 'hum': 'a4 66 94 59', 'mov': '4e ff 08 01 cb 00 57 00 1d 00 ed f7 b6 01 a6 ff f8 fe', 'MAC': '54:6C:0E:53:00:97'}
'2019-07-17T16:36:36.350': {'opt': '68 00', 'bar': '40 0a 00 53 89 01', 'temp': 'c0 0a 08 0d', 'hum': 'ac 66 94 59', 'mov': '69 ff 0d 01 b9 00 5a 00 13 00 ef f7 b6 01 a3 ff 06 ff', 'MAC': '54:6C:0E:53:00:97'}
'2019-07-17T16:36:42.054': {'opt': '68 00', 'bar': '40 0a 00 56 89 01', 'temp': '94 0a 08 0d', 'hum': 'ac 66 94 59', 'mov': '83 ff 28 01 cf 00 56 00 14 00 e8 f7 b1 01 9e ff f8 fe', 'MAC': '54:6C:0E:53:00:97'}
'2019-07-17T16:36:47.758': {'opt': '68 00', 'bar': '3f 0a 00 4e 89 01', 'temp': '9c 0a 08 0d', 'hum': 'b0 66 94 59', 'mov': '52 ff 0f 01 e8 00 65 00 1d 00 f5 f7 bd 01 9c ff fd fe', 'MAC': '54:6C:0E:53:00:97'}
'2019-07-17T16:36:53.466': {'opt': '68 00', 'bar': '3f 0a 00 55 89 01', 'temp': 'c0 0a 08 0d', 'hum': 'ac 66 94 59', 'mov': '68 ff 15 01 c0 00 55 00 20 00 e9 f7 bd 01 97 ff 04 ff', 'MAC': '54:6C:0E:53:00:97'}
'2019-07-17T16:36:59.174': {'opt': '68 00', 'bar': '3f 0a 00 58 89 01', 'temp': 'bc 0a 08 0d', 'hum': 'ac 66 94 59', 'mov': '85 ff 24 01 dc 00 51 00 24 00 ed f7 b8 01 9a ff fd fe', 'MAC': '54:6C:0E:53:00:97'}
'2019-07-17T16:37:04.921': {'opt': '68 00', 'bar': '3f 0a 00 50 89 01', 'temp': '9c 0a 08 0d', 'hum': 'a4 66 94 59', 'mov': '5c ff 40 01 d0 00 59 00 17 00 fa f7 b7 01 9d ff fe fe', 'MAC': '54:6C:0E:53:00:97'}
'2019-07-17T16:37:10.627': {'opt': '68 00', 'bar': '40 0a 00 50 89 01', 'temp': 'a4 0a 08 0d', 'hum': 'ac 66 94 59', 'mov': '74 ff 24 01 e0 00 4c 00 20 00 f2 f7 b7 01 a0 ff 00 ff', 'MAC': '54:6C:0E:53:00:97'}
'2019-07-17T16:37:16.335': {'opt': '68 00', 'bar': '3f 0a 00 4f 89 01', 'temp': 'c4 0a 08 0d', 'hum': 'ac 66 94 59', 'mov': '68 ff 23 01 d4 00 5b 00 14 00 f0 f7 ba 01 94 ff f9 fe', 'MAC': '54:6C:0E:53:00:97'}
'2019-07-17T16:37:22.077': {'opt': '68 00', 'bar': '40 0a 00 54 89 01', 'temp': 'a0 0a 08 0d', 'hum': 'a4 66 94 59', 'mov': '71 ff 1b 01 d0 00 57 00 1b 00 ef f7 b7 01 a4 ff f9 fe', 'MAC': '54:6C:0E:53:00:97'}
'2019-07-17T16:37:27.782': {'opt': '68 00', 'bar': '3f 0a 00 52 89 01', 'temp': 'a0 0a 08 0d', 'hum': 'ac 66 94 59', 'mov': 'a2 ff 0d 01 ba 00 5a 00 1e 00 ee f7 b1 01 a6 ff ff fe', 'MAC': '54:6C:0E:53:00:97'}
'2019-07-17T16:37:33.492': {'opt': '68 00', 'bar': '3f 0a 00 52 89 01', 'temp': '9c 0a 08 0d', 'hum': 'ac 66 94 59', 'mov': '5a ff 13 01 f0 00 58 00 22 00 ed f7 b6 01 a1 ff fd fe', 'MAC': '54:6C:0E:53:00:97'}
'2019-07-17T16:37:39.238': {'opt': '68 00', 'bar': '40 0a 00 4f 89 01', 'temp': 'cc 0a 08 0d', 'hum': 'a4 66 94 59', 'mov': '8d ff 2e 01 d5 00 5a 00 1c 00 09 f8 ab 01 9d ff f3 fe', 'MAC': '54:6C:0E:53:00:97'}
'2019-07-17T16:37:44.942': {'opt': '60 00', 'bar': '3f 0a 00 4e 89 01', 'temp': 'b4 0a 08 0d', 'hum': 'a4 66 94 59', 'mov': '49 ff 12 01 a5 00 52 00 14 00 e8 f7 ba 01 a0 ff fe fe', 'MAC': '54:6C:0E:53:00:97'}
'2019-07-17T16:37:50.646': {'opt': '60 00', 'bar': '40 0a 00 52 89 01', 'temp': 'c4 0a 08 0d', 'hum': 'a4 66 94 59', 'mov': '73 ff 18 01 bf 00 62 00 16 00 ea f7 b8 01 9e ff ff fe', 'MAC': '54:6C:0E:53:00:97'}
'2019-07-17T16:37:56.350': {'opt': '60 00', 'bar': '40 0a 00 51 89 01', 'temp': 'b4 0a 0c 0d', 'hum': 'ac 66 94 59', 'mov': 'a9 ff fe 00 c5 00 53 00 22 00 02 f8 b0 01 99 ff 00 ff', 'MAC': '54:6C:0E:53:00:97'}
'2019-07-17T16:38:02.054': {'opt': '68 00', 'bar': '40 0a 00 50 89 01', 'temp': '8c 0a 08 0d', 'hum': 'ac 66 94 59', 'mov': '6a ff 1f 01 ce 00 5e 00 27 00 e9 f7 b1 01 9e ff fd fe', 'MAC': '54:6C:0E:53:00:97'}
'2019-07-17T16:38:07.758': {'opt': '68 00', 'bar': '40 0a 00 52 89 01', 'temp': '9c 0a 08 0d', 'hum': 'ac 66 94 59', 'mov': '8f ff 0b 01 c4 00 5b 00 22 00 07 f8 ac 01 95 ff 01 ff', 'MAC': '54:6C:0E:53:00:97'}
'2019-07-17T16:38:13.510': {'opt': '68 00', 'bar': '3f 0a 00 52 89 01', 'temp': 'a8 0a 08 0d', 'hum': 'ac 66 94 59', 'mov': '55 ff 0d 01 b8 00 66 00 1f 00 0a f8 b2 01 ab ff 00 ff', 'MAC': '54:6C:0E:53:00:97'}
'2019-07-17T16:38:19.214': {'opt': '68 00', 'bar': '40 0a 00 4e 89 01', 'temp': '98 0a 08 0d', 'hum': 'ac 66 94 59', 'mov': '5f ff 1a 01 e1 00 58 00 1b 00 ec f7 b1 01 a6 ff f6 fe', 'MAC': '54:6C:0E:53:00:97'}
'2019-07-17T16:38:24.917': {'opt': '68 00', 'bar': '3f 0a 00 4e 89 01', 'temp': 'ac 0a 08 0d', 'hum': 'ac 66 94 59', 'mov': '92 ff 1f 01 d9 00 59 00 17 00 d4 f7 bf 01 9c ff 01 ff', 'MAC': '54:6C:0E:53:00:97'}
'2019-07-17T16:38:30.617': {'opt': '68 00', 'bar': '40 0a 00 4f 89 01', 'temp': 'a4 0a 08 0d', 'hum': 'ac 66 94 59', 'mov': '9b ff 1a 01 d6 00 54 00 15 00 ee f7 b2 01 9d ff f5 fe', 'MAC': '54:6C:0E:53:00:97'}
'2019-07-17T16:38:36.325': {'opt': '68 00', 'bar': '40 0a 00 4f 89 01', 'temp': '9c 0a 08 0d', 'hum': 'b0 66 94 59', 'mov': '61 ff 47 01 cf 00 59 00 1d 00 ef f7 be 01 9b ff f9 fe', 'MAC': '54:6C:0E:53:00:97'}
'2019-07-17T16:38:42.029': {'opt': '68 00', 'bar': '3f 0a 00 4f 89 01', 'temp': 'a0 0a 08 0d', 'hum': 'a4 66 94 59', 'mov': '6d ff 00 01 c8 00 57 00 16 00 e6 f7 b8 01 9e ff f4 fe', 'MAC': '54:6C:0E:53:00:97'}
'2019-07-17T16:38:47.737': {'opt': '68 00', 'bar': '40 0a 00 52 89 01', 'temp': 'b0 0a 08 0d', 'hum': 'ac 66 94 59', 'mov': '72 ff 48 01 dc 00 58 00 1e 00 ec f7 ae 01 a2 ff f5 fe', 'MAC': '54:6C:0E:53:00:97'}
'2019-07-17T16:38:53.443': {'opt': '68 00', 'bar': '3f 0a 00 4f 89 01', 'temp': 'ac 0a 08 0d', 'hum': 'ac 66 94 59', 'mov': '57 ff 24 01 e2 00 53 00 1f 00 e9 f7 bb 01 a8 ff fd fe', 'MAC': '54:6C:0E:53:00:97'}
'2019-07-17T16:38:59.238': {'opt': '68 00', 'bar': '40 0a 00 50 89 01', 'temp': 'c4 0a 08 0d', 'hum': 'ac 66 94 59', 'mov': '6d ff 25 01 c7 00 56 00 1c 00 ed f7 aa 01 97 ff f4 fe', 'MAC': '54:6C:0E:53:00:97'}
'2019-07-17T16:39:04.941': {'opt': '68 00', 'bar': '3f 0a 00 4f 89 01', 'temp': 'cc 0a 08 0d', 'hum': 'ac 66 94 59', 'mov': '64 ff 28 01 cb 00 55 00 20 00 ef f7 ac 01 9c ff fb fe', 'MAC': '54:6C:0E:53:00:97'}
'2019-07-17T16:39:10.649': {'opt': '68 00', 'bar': '40 0a 00 4c 89 01', 'temp': 'a8 0a 08 0d', 'hum': 'a4 66 94 59', 'mov': '8b ff 2d 01 d0 00 5a 00 1b 00 f2 f7 bf 01 95 ff 01 ff', 'MAC': '54:6C:0E:53:00:97'}
'2019-07-17T16:39:16.349': {'opt': '68 00', 'bar': '40 0a 00 51 89 01', 'temp': '8c 0a 08 0d', 'hum': 'ac 66 94 59', 'mov': '6b ff 21 01 d3 00 58 00 21 00 eb f7 b5 01 ab ff f9 fe', 'MAC': '54:6C:0E:53:00:97'}
'2019-07-17T16:39:22.053': {'opt': '68 00', 'bar': '40 0a 00 4e 89 01', 'temp': 'a4 0a 08 0d', 'hum': 'ac 66 94 59', 'mov': '54 ff fd 00 ba 00 5a 00 1c 00 f4 f7 b7 01 a4 ff f7 fe', 'MAC': '54:6C:0E:53:00:97'}
'2019-07-17T16:39:27.757': {'opt': '68 00', 'bar': '40 0a 00 4d 89 01', 'temp': 'b0 0a 08 0d', 'hum': 'ac 66 94 59', 'mov': '8c ff 1c 01 ef 00 51 00 22 00 e4 f7 ae 01 9d ff 00 ff', 'MAC': '54:6C:0E:53:00:97'}
'2019-07-17T16:39:33.460': {'opt': '61 00', 'bar': '3e 0a 00 4e 89 01', 'temp': 'c4 0a 08 0d', 'hum': 'ac 66 94 59', 'mov': '6f ff 30 01 d6 00 54 00 19 00 f4 f7 af 01 a6 ff fd fe', 'MAC': '54:6C:0E:53:00:97'}
'2019-07-17T16:39:39.216': {'opt': '68 00', 'bar': '40 0a 00 4d 89 01', 'temp': 'b0 0a 08 0d', 'hum': 'ac 66 94 59', 'mov': '6d ff 40 01 ce 00 51 00 13 00 ec f7 b6 01 9e ff f6 fe', 'MAC': '54:6C:0E:53:00:97'}
'2019-07-17T16:39:44.932': {'opt': '68 00', 'bar': '3f 0a 00 51 89 01', 'temp': 'b4 0a 08 0d', 'hum': 'ac 66 94 59', 'mov': '7d ff 33 01 d3 00 50 00 1f 00 ef f7 b2 01 9b ff f5 fe', 'MAC': '54:6C:0E:53:00:97'}
'2019-07-17T16:39:50.676': {'opt': '68 00', 'bar': '40 0a 00 4e 89 01', 'temp': 'a4 0a 08 0d', 'hum': 'ac 66 94 59', 'mov': '77 ff 19 01 d1 00 4e 00 23 00 f8 f7 b6 01 a1 ff f4 fe', 'MAC': '54:6C:0E:53:00:97'}
'2019-07-17T16:39:56.474': {'opt': '68 00', 'bar': '40 0a 00 4e 89 01', 'temp': 'a4 0a 08 0d', 'hum': 'ac 66 94 59', 'mov': '63 ff 1a 01 dc 00 4f 00 14 00 e4 f7 b7 01 9d ff f9 fe', 'MAC': '54:6C:0E:53:00:97'}
'2019-07-17T16:40:02.174': {'opt': '68 00', 'bar': '3f 0a 00 50 89 01', 'temp': 'c4 0a 08 0d', 'hum': 'ac 66 94 59', 'mov': '81 ff 1b 01 d5 00 58 00 23 00 07 f8 bb 01 a3 ff f8 fe', 'MAC': '54:6C:0E:53:00:97'}
'2019-07-17T16:40:07.882': {'opt': '68 00', 'bar': '3f 0a 00 4c 89 01', 'temp': 'b0 0a 08 0d', 'hum': 'ac 66 94 59', 'mov': '54 ff 24 01 cd 00 3f 00 1e 00 cf f7 ab 01 a4 ff 05 ff', 'MAC': '54:6C:0E:53:00:97'}
'2019-07-17T16:40:13.582': {'opt': '68 00', 'bar': '3f 0a 00 50 89 01', 'temp': 'c4 0a 08 0d', 'hum': 'ac 66 94 59', 'mov': '63 ff 1e 01 d0 00 4d 00 31 00 54 f8 b0 01 a2 ff f7 fe', 'MAC': '54:6C:0E:53:00:97'}
'2019-07-17T16:40:19.337': {'opt': '68 00', 'bar': '40 0a 00 4d 89 01', 'temp': 'a0 0a 08 0d', 'hum': 'ac 66 94 59', 'mov': '7c ff 27 01 d8 00 5c 00 18 00 ee f7 b2 01 9d ff fe fe', 'MAC': '54:6C:0E:53:00:97'}
'2019-07-17T16:40:25.039': {'opt': '68 00', 'bar': '3f 0a 00 53 89 01', 'temp': 'b0 0a 08 0d', 'hum': 'ac 66 94 59', 'mov': '6b ff 35 01 d1 00 57 00 14 00 ef f7 b5 01 a0 ff fc fe', 'MAC': '54:6C:0E:53:00:97'}
'2019-07-17T16:40:30.796': {'opt': '68 00', 'bar': '3f 0a 00 4d 89 01', 'temp': 'ac 0a 08 0d', 'hum': 'ac 66 94 59', 'mov': '81 ff 29 01 e7 00 63 00 19 00 11 f8 b1 01 a1 ff fb fe', 'MAC': '54:6C:0E:53:00:97'}
'2019-07-17T16:40:36.498': {'opt': '68 00', 'bar': '3f 0a 00 4d 89 01', 'temp': '88 0a 08 0d', 'hum': 'ac 66 54 59', 'mov': '4b ff 38 01 c7 00 58 00 1b 00 23 f8 c7 01 a3 ff f8 fe', 'MAC': '54:6C:0E:53:00:97'}
'2019-07-17T16:40:42.229': {'opt': '68 00', 'bar': '3f 0a 00 4d 89 01', 'temp': 'b0 0a 08 0d', 'hum': 'ac 66 94 59', 'mov': '62 ff 35 01 db 00 4c 00 21 00 f6 f7 bb 01 aa ff ff fe', 'MAC': '54:6C:0E:53:00:97'}
'2019-07-17T16:40:48.047': {'opt': '68 00', 'bar': '3f 0a 00 4c 89 01', 'temp': 'ac 0a 08 0d', 'hum': 'ac 66 94 59', 'mov': '7e ff 22 01 c7 00 58 00 19 00 f0 f7 b1 01 ad ff f8 fe', 'MAC': '54:6C:0E:53:00:97'}
'2019-07-17T16:40:53.753': {'opt': '68 00', 'bar': '40 0a 00 4e 89 01', 'temp': 'b0 0a 08 0d', 'hum': 'ac 66 54 59', 'mov': '8e ff 0e 01 fb 00 59 00 1f 00 e4 f7 b0 01 9b ff fc fe', 'MAC': '54:6C:0E:53:00:97'}
'2019-07-17T16:40:59.456': {'opt': '68 00', 'bar': '3f 0a 00 4b 89 01', 'temp': 'cc 0a 08 0d', 'hum': 'ac 66 54 59', 'mov': '5a ff 58 01 a9 00 3d 00 18 00 95 f7 b4 01 9c ff ff fe', 'MAC': '54:6C:0E:53:00:97'}
'2019-07-17T16:41:05.160': {'opt': '68 00', 'bar': '3f 0a 00 4b 89 01', 'temp': 'bc 0a 08 0d', 'hum': 'ac 66 54 59', 'mov': '8a ff 19 01 c9 00 5e 00 1b 00 ef f7 c3 01 a4 ff 07 ff', 'MAC': '54:6C:0E:53:00:97'}
'2019-07-17T16:41:10.864': {'opt': '70 00', 'bar': '40 0a 00 4d 89 01', 'temp': 'a4 0a 08 0d', 'hum': 'a4 66 54 59', 'mov': '78 ff fe 00 dc 00 5a 00 1e 00 fc f7 ae 01 91 ff f5 fe', 'MAC': '54:6C:0E:53:00:97'}
'2019-07-17T16:41:16.578': {'opt': '61 00', 'bar': '3e 0a 00 50 89 01', 'temp': 'a0 0a 08 0d', 'hum': 'a4 66 54 59', 'mov': '75 ff 30 01 cd 00 60 00 1a 00 f1 f7 ab 01 a0 ff 00 ff', 'MAC': '54:6C:0E:53:00:97'}
'2019-07-17T16:41:22.323': {'opt': '70 00', 'bar': '3f 0a 00 4c 89 01', 'temp': 'a4 0a 08 0d', 'hum': 'ac 66 54 59', 'mov': '78 ff 3b 01 be 00 5c 00 1c 00 f3 f7 b4 01 a3 ff 01 ff', 'MAC': '54:6C:0E:53:00:97'}
'2019-07-17T16:41:28.027': {'opt': '61 00', 'bar': '40 0a 00 50 89 01', 'temp': 'cc 0a 08 0d', 'hum': 'ac 66 54 59', 'mov': '7c ff 1d 01 f4 00 56 00 21 00 e6 f7 b4 01 a6 ff fb fe', 'MAC': '54:6C:0E:53:00:97'}
'2019-07-17T16:41:33.728': {'opt': '70 00', 'bar': '3e 0a 00 4a 89 01', 'temp': 'cc 0a 08 0d', 'hum': 'ac 66 54 59', 'mov': '56 ff 18 01 c3 00 56 00 24 00 e7 f7 b0 01 9b ff fc fe', 'MAC': '54:6C:0E:53:00:97'}
'2019-07-17T16:41:39.432': {'opt': '70 00', 'bar': '3f 0a 00 4a 89 01', 'temp': 'a8 0a 08 0d', 'hum': 'a4 66 54 59', 'mov': '89 ff 0c 01 ce 00 5e 00 1e 00 ee f7 af 01 95 ff fd fe', 'MAC': '54:6C:0E:53:00:97'}
'2019-07-17T16:41:45.135': {'opt': '70 00', 'bar': '3f 0a 00 4c 89 01', 'temp': 'bc 0a 08 0d', 'hum': 'b0 66 54 59', 'mov': '7b ff 29 01 c6 00 59 00 16 00 f6 f7 b0 01 a4 ff f7 fe', 'MAC': '54:6C:0E:53:00:97'}
'2019-07-17T16:41:50.907': {'opt': '70 00', 'bar': '3f 0a 00 4b 89 01', 'temp': '9c 0a 08 0d', 'hum': 'ac 66 54 59', 'mov': '5e ff 12 01 be 00 4c 00 16 00 ed f7 af 01 a3 ff f4 fe', 'MAC': '54:6C:0E:53:00:97'}
'2019-07-17T16:41:56.640': {'opt': '70 00', 'bar': '3f 0a 00 4c 89 01', 'temp': '9c 0a 08 0d', 'hum': 'a4 66 54 59', 'mov': '6c ff 1f 01 be 00 4e 00 1e 00 f2 f7 bd 01 a3 ff fb fe', 'MAC': '54:6C:0E:53:00:97'}
'2019-07-17T16:42:02.346': {'opt': '61 00', 'bar': '3f 0a 00 47 89 01', 'temp': 'a0 0a 08 0d', 'hum': 'a4 66 54 59', 'mov': '91 ff 11 01 d3 00 5d 00 1a 00 f9 f7 b4 01 9c ff fb fe', 'MAC': '54:6C:0E:53:00:97'}
'2019-07-17T16:42:08.146': {'opt': '68 00', 'bar': '3e 0a 00 4c 89 01', 'temp': 'a4 0a 08 0d', 'hum': 'a4 66 54 59', 'mov': '67 ff 24 01 c3 00 51 00 14 00 ec f7 b8 01 9c ff fb fe', 'MAC': '54:6C:0E:53:00:97'}
'2019-07-17T16:42:13.847': {'opt': '68 00', 'bar': '3e 0a 00 4f 89 01', 'temp': 'a4 0a 08 0d', 'hum': 'a4 66 54 59', 'mov': '69 ff 16 01 a9 00 55 00 14 00 e1 f7 b1 01 a3 ff ef fe', 'MAC': '54:6C:0E:53:00:97'}
'2019-07-17T16:42:19.553': {'opt': '70 00', 'bar': '3e 0a 00 48 89 01', 'temp': 'a8 0a 08 0d', 'hum': 'ac 66 54 59', 'mov': '4d ff 35 01 c9 00 57 00 26 00 f3 f7 b1 01 aa ff 04 ff', 'MAC': '54:6C:0E:53:00:97'}
'2019-07-17T16:42:25.355': {'opt': '70 00', 'bar': '3f 0a 00 48 89 01', 'temp': 'a0 0a 08 0d', 'hum': 'ac 66 54 59', 'mov': '71 ff 2d 01 bf 00 5c 00 1e 00 e5 f7 b8 01 9c ff f6 fe', 'MAC': '54:6C:0E:53:00:97'}
'2019-07-17T16:42:31.058': {'opt': '70 00', 'bar': '3e 0a 00 49 89 01', 'temp': 'b4 0a 08 0d', 'hum': 'ac 66 94 59', 'mov': '84 ff 24 01 e7 00 55 00 1c 00 ec f7 b1 01 a1 ff ff fe', 'MAC': '54:6C:0E:53:00:97'}
'2019-07-17T16:42:36.762': {'opt': '61 00', 'bar': '3e 0a 00 4a 89 01', 'temp': 'ac 0a 08 0d', 'hum': 'ac 66 54 59', 'mov': '8c ff 1c 01 e8 00 54 00 1f 00 f5 f7 bc 01 9d ff 00 ff', 'MAC': '54:6C:0E:53:00:97'}
'2019-07-17T16:42:42.466': {'opt': '61 00', 'bar': '3e 0a 00 4c 89 01', 'temp': 'c8 0a 08 0d', 'hum': 'a4 66 54 59', 'mov': 'a4 ff 10 01 cd 00 56 00 1d 00 e5 f7 b8 01 a1 ff fb fe', 'MAC': '54:6C:0E:53:00:97'}
'2019-07-17T16:42:48.170': {'opt': '68 00', 'bar': '3e 0a 00 4c 89 01', 'temp': 'ac 0a 08 0d', 'hum': 'a4 66 54 59', 'mov': '64 ff 06 01 e1 00 5b 00 1a 00 ec f7 b7 01 9b ff f7 fe', 'MAC': '54:6C:0E:53:00:97'}
'2019-07-17T16:42:53.874': {'opt': '68 00', 'bar': '3e 0a 00 4a 89 01', 'temp': 'a8 0a 08 0d', 'hum': 'ac 66 54 59', 'mov': '86 ff 1f 01 c6 00 4c 00 19 00 e5 f7 bf 01 a3 ff fb fe', 'MAC': '54:6C:0E:53:00:97'}
'2019-07-17T16:42:59.597': {'opt': '70 00', 'bar': '3e 0a 00 4b 89 01', 'temp': '9c 0a 08 0d', 'hum': 'a4 66 54 59', 'mov': '68 ff 1c 01 dc 00 52 00 18 00 e0 f7 b8 01 a3 ff 01 ff', 'MAC': '54:6C:0E:53:00:97'}
'2019-07-17T16:43:05.330': {'opt': '70 00', 'bar': '3e 0a 00 4b 89 01', 'temp': '94 0a 08 0d', 'hum': 'ac 66 54 59', 'mov': '5b ff 31 01 db 00 5d 00 2a 00 f8 f7 b5 01 a0 ff fe fe', 'MAC': '54:6C:0E:53:00:97'}
'2019-07-17T16:43:11.034': {'opt': '70 00', 'bar': '3e 0a 00 47 89 01', 'temp': '74 0a 08 0d', 'hum': 'a4 66 54 59', 'mov': '77 ff 2c 01 e8 00 54 00 24 00 eb f7 ab 01 a4 ff f7 fe', 'MAC': '54:6C:0E:53:00:97'}
'2019-07-17T16:43:16.737': {'opt': '70 00', 'bar': '3e 0a 00 46 89 01', 'temp': 'bc 0a 08 0d', 'hum': 'ac 66 54 59', 'mov': '77 ff 2b 01 b5 00 5e 00 1d 00 e6 f7 b4 01 9e ff f4 fe', 'MAC': '54:6C:0E:53:00:97'}
'2019-07-17T16:43:22.441': {'opt': '70 00', 'bar': '3e 0a 00 4a 89 01', 'temp': 'a8 0a 08 0d', 'hum': 'a4 66 54 59', 'mov': '75 ff 1c 01 e2 00 59 00 1a 00 f6 f7 b1 01 9e ff 01 ff', 'MAC': '54:6C:0E:53:00:97'}
'2019-07-17T16:43:28.145': {'opt': '70 00', 'bar': '3e 0a 00 47 89 01', 'temp': 'a8 0a 08 0d', 'hum': 'ac 66 54 59', 'mov': '40 ff 2f 01 e2 00 58 00 1c 00 e6 f7 b8 01 9e ff fd fe', 'MAC': '54:6C:0E:53:00:97'}
'2019-07-17T16:43:33.849': {'opt': '70 00', 'bar': '3e 0a 00 46 89 01', 'temp': 'c0 0a 08 0d', 'hum': 'ac 66 54 59', 'mov': '71 ff 2a 01 db 00 56 00 18 00 fe f7 ba 01 a9 ff f3 fe', 'MAC': '54:6C:0E:53:00:97'}
'2019-07-17T16:43:39.553': {'opt': '70 00', 'bar': '3e 0a 00 4c 89 01', 'temp': 'b0 0a 08 0d', 'hum': 'ac 66 54 59', 'mov': '80 ff 1e 01 d2 00 5e 00 14 00 f4 f7 b5 01 9b ff f9 fe', 'MAC': '54:6C:0E:53:00:97'}
'2019-07-17T16:43:45.256': {'opt': '70 00', 'bar': '3e 0a 00 48 89 01', 'temp': 'a8 0a 08 0d', 'hum': 'a4 66 54 59', 'mov': '80 ff 23 01 e4 00 4c 00 20 00 fa f7 b1 01 9a ff fb fe', 'MAC': '54:6C:0E:53:00:97'}
'2019-07-17T16:43:50.957': {'opt': '70 00', 'bar': '3f 0a 00 44 89 01', 'temp': '8c 0a 08 0d', 'hum': 'a4 66 54 59', 'mov': '63 ff 19 01 eb 00 4f 00 1d 00 fa f7 be 01 a7 ff f9 fe', 'MAC': '54:6C:0E:53:00:97'}
'2019-07-17T16:43:56.664': {'opt': '70 00', 'bar': '3e 0a 00 48 89 01', 'temp': 'a0 0a 08 0d', 'hum': 'ac 66 54 59', 'mov': '6b ff 4a 01 c9 00 57 00 1e 00 f0 f7 b4 01 a1 ff f8 fe', 'MAC': '54:6C:0E:53:00:97'}
'2019-07-17T16:44:02.368': {'opt': '70 00', 'bar': '3e 0a 00 45 89 01', 'temp': '8c 0a 08 0d', 'hum': 'ac 66 54 59', 'mov': '83 ff 2b 01 dc 00 5c 00 1c 00 e3 f7 bb 01 9c ff 04 ff', 'MAC': '54:6C:0E:53:00:97'}
'2019-07-17T16:44:08.121': {'opt': '70 00', 'bar': '3f 0a 00 46 89 01', 'temp': 'c4 0a 08 0d', 'hum': 'a4 66 54 59', 'mov': '6c ff 09 01 cb 00 5f 00 28 00 eb f7 b0 01 99 ff fe fe', 'MAC': '54:6C:0E:53:00:97'}
'2019-07-17T16:44:13.825': {'opt': '70 00', 'bar': '3f 0a 00 47 89 01', 'temp': 'a8 0a 08 0d', 'hum': 'a4 66 54 59', 'mov': '90 ff 36 01 cb 00 58 00 18 00 df f7 bb 01 a3 ff f4 fe', 'MAC': '54:6C:0E:53:00:97'}
'2019-07-17T16:44:19.528': {'opt': '70 00', 'bar': '3f 0a 00 49 89 01', 'temp': 'a4 0a 08 0d', 'hum': 'a4 66 54 59', 'mov': '55 ff 2d 01 d7 00 5b 00 23 00 f0 f7 ae 01 a2 ff 00 ff', 'MAC': '54:6C:0E:53:00:97'}
'2019-07-17T16:44:25.232': {'opt': '70 00', 'bar': '3f 0a 00 44 89 01', 'temp': 'a0 0a 08 0d', 'hum': 'ac 66 54 59', 'mov': '7b ff 37 01 bb 00 5c 00 1d 00 f0 f7 c3 01 a4 ff fc fe', 'MAC': '54:6C:0E:53:00:97'}
'2019-07-17T16:44:30.935': {'opt': '70 00', 'bar': '3e 0a 00 44 89 01', 'temp': 'a8 0a 08 0d', 'hum': 'ac 66 54 59', 'mov': '6f ff 35 01 db 00 54 00 1c 00 e5 f7 b5 01 9d ff f0 fe', 'MAC': '54:6C:0E:53:00:97'}
'2019-07-17T16:44:36.640': {'opt': '68 00', 'bar': '3f 0a 00 49 89 01', 'temp': 'd0 0a 08 0d', 'hum': 'a4 66 54 59', 'mov': '7c ff 1c 01 f0 00 4a 00 05 00 38 f8 be 01 a2 ff f9 fe', 'MAC': '54:6C:0E:53:00:97'}
'2019-07-17T16:44:42.392': {'opt': '61 00', 'bar': '3f 0a 00 43 89 01', 'temp': 'a0 0a 08 0d', 'hum': 'ac 66 54 59', 'mov': '72 ff 22 01 d4 00 53 00 20 00 f4 f7 b7 01 a0 ff fe fe', 'MAC': '54:6C:0E:53:00:97'}
'2019-07-17T16:44:48.194': {'opt': '70 00', 'bar': '3f 0a 00 44 89 01', 'temp': 'a0 0a 08 0d', 'hum': 'a4 66 54 59', 'mov': '44 ff 34 01 d9 00 56 00 1a 00 e6 f7 b6 01 a6 ff fb fe', 'MAC': '54:6C:0E:53:00:97'}
'2019-07-17T16:44:53.897': {'opt': '70 00', 'bar': '3f 0a 00 43 89 01', 'temp': 'b0 0a 08 0d', 'hum': 'ac 66 54 59', 'mov': '6d ff 09 01 f0 00 54 00 15 00 f8 f7 ba 01 9d ff 03 ff', 'MAC': '54:6C:0E:53:00:97'}
'2019-07-17T16:44:59.601': {'opt': '70 00', 'bar': '3f 0a 00 43 89 01', 'temp': 'b0 0a 08 0d', 'hum': 'ac 66 54 59', 'mov': '9e ff 37 01 ef 00 4e 00 18 00 f2 f7 c3 01 94 ff fc fe', 'MAC': '54:6C:0E:53:00:97'}
'2019-07-17T16:45:05.353': {'opt': '70 00', 'bar': '3f 0a 00 4b 89 01', 'temp': 'c0 0a 08 0d', 'hum': 'ac 66 54 59', 'mov': '6d ff 0a 01 b1 00 65 00 25 00 ed f7 b5 01 a7 ff fe fe', 'MAC': '54:6C:0E:53:00:97'}
'2019-07-17T16:45:11.057': {'opt': '70 00', 'bar': '40 0a 00 47 89 01', 'temp': 'a4 0a 08 0d', 'hum': 'ac 66 54 59', 'mov': '47 ff 27 01 c5 00 4c 00 13 00 21 f8 aa 01 aa ff f8 fe', 'MAC': '54:6C:0E:53:00:97'}
'2019-07-17T16:45:16.757': {'opt': '70 00', 'bar': '3f 0a 00 4b 89 01', 'temp': 'c0 0a 08 0d', 'hum': 'ac 66 54 59', 'mov': '71 ff 1e 01 de 00 54 00 20 00 eb f7 b7 01 a0 ff fc fe', 'MAC': '54:6C:0E:53:00:97'}
'2019-07-17T16:45:22.465': {'opt': '70 00', 'bar': '3f 0a 00 4c 89 01', 'temp': 'b4 0a 08 0d', 'hum': 'ac 66 54 59', 'mov': '5b ff 02 01 a6 00 57 00 1a 00 f0 f7 b7 01 a4 ff f9 fe', 'MAC': '54:6C:0E:53:00:97'}
'2019-07-17T16:45:28.167': {'opt': '70 00', 'bar': '3f 0a 00 47 89 01', 'temp': 'a0 0a 08 0d', 'hum': 'a4 66 54 59', 'mov': '71 ff 35 01 e7 00 57 00 24 00 e6 f7 b5 01 96 ff 00 ff', 'MAC': '54:6C:0E:53:00:97'}
'2019-07-17T16:45:33.872': {'opt': '70 00', 'bar': '40 0a 00 47 89 01', 'temp': 'bc 0a 08 0d', 'hum': 'b0 66 54 59', 'mov': '6f ff 27 01 ca 00 57 00 12 00 eb f7 b5 01 a2 ff f9 fe', 'MAC': '54:6C:0E:53:00:97'}
'2019-07-17T16:45:39.576': {'opt': '70 00', 'bar': '3e 0a 00 48 89 01', 'temp': 'cc 0a 08 0d', 'hum': 'ac 66 54 59', 'mov': '7e ff 29 01 e9 00 5d 00 19 00 ea f7 b2 01 9d ff f5 fe', 'MAC': '54:6C:0E:53:00:97'}
'2019-07-17T16:45:45.280': {'opt': '70 00', 'bar': '3f 0a 00 49 89 01', 'temp': 'a0 0a 08 0d', 'hum': 'ac 66 54 59', 'mov': '7c ff 11 01 c7 00 5e 00 20 00 fc f7 aa 01 a3 ff fb fe', 'MAC': '54:6C:0E:53:00:97'}
'2019-07-17T16:45:50.984': {'opt': '70 00', 'bar': '3e 0a 00 48 89 01', 'temp': 'a4 0a 08 0d', 'hum': 'ac 66 54 59', 'mov': '62 ff 3b 01 e9 00 4a 00 15 00 f8 f7 ac 01 a8 ff f4 fe', 'MAC': '54:6C:0E:53:00:97'}
'2019-07-17T16:45:56.687': {'opt': '70 00', 'bar': '3f 0a 00 49 89 01', 'temp': 'b0 0a 08 0d', 'hum': 'a4 66 54 59', 'mov': '75 ff 14 01 b2 00 61 00 1d 00 fc f7 b0 01 a0 ff fc fe', 'MAC': '54:6C:0E:53:00:97'}
'2019-07-17T16:46:02.391': {'opt': '70 00', 'bar': '3f 0a 00 47 89 01', 'temp': 'a8 0a 08 0d', 'hum': 'ac 66 54 59', 'mov': '66 ff 24 01 bc 00 59 00 1e 00 0d f8 ab 01 a7 ff fc fe', 'MAC': '54:6C:0E:53:00:97'}
'2019-07-17T16:46:08.095': {'opt': '70 00', 'bar': '40 0a 00 49 89 01', 'temp': 'a0 0a 08 0d', 'hum': 'b0 66 54 59', 'mov': '7a ff 15 01 d0 00 5f 00 16 00 ef f7 b7 01 a4 ff 05 ff', 'MAC': '54:6C:0E:53:00:97'}
'2019-07-17T16:46:13.799': {'opt': '70 00', 'bar': '3f 0a 00 48 89 01', 'temp': 'ac 0a 08 0d', 'hum': 'ac 66 54 59', 'mov': '87 ff 0a 01 cb 00 54 00 25 00 ed f7 aa 01 97 ff fb fe', 'MAC': '54:6C:0E:53:00:97'}
'2019-07-17T16:46:19.503': {'opt': '70 00', 'bar': '40 0a 00 4a 89 01', 'temp': 'bc 0a 08 0d', 'hum': 'ac 66 54 59', 'mov': '7d ff 11 01 ba 00 53 00 21 00 ee f7 b7 01 a4 ff 00 ff', 'MAC': '54:6C:0E:53:00:97'}
'2019-07-17T16:46:25.207': {'opt': '70 00', 'bar': '40 0a 00 49 89 01', 'temp': 'a8 0a 08 0d', 'hum': 'ac 66 54 59', 'mov': '6e ff 31 01 aa 00 57 00 1d 00 e4 f7 bd 01 a6 ff f8 fe', 'MAC': '54:6C:0E:53:00:97'}
'2019-07-17T16:46:31.094': {'opt': '70 00', 'bar': '3e 0a 00 46 89 01', 'temp': 'a8 0a 08 0d', 'hum': 'ac 66 54 59', 'mov': '72 ff 13 01 bf 00 5c 00 1f 00 ec f7 ae 01 9d ff f9 fe', 'MAC': '54:6C:0E:53:00:97'}
'2019-07-17T16:46:36.857': {'opt': '70 00', 'bar': '3f 0a 00 48 89 01', 'temp': 'd4 0a 08 0d', 'hum': 'ac 66 54 59', 'mov': '6c ff 1f 01 e9 00 59 00 15 00 ea f7 b4 01 a3 ff ff fe', 'MAC': '54:6C:0E:53:00:97'}
'2019-07-17T16:46:42.564': {'opt': '70 00', 'bar': '40 0a 00 4d 89 01', 'temp': 'b4 0a 08 0d', 'hum': 'ac 66 54 59', 'mov': '6a ff 09 01 d2 00 59 00 1b 00 e9 f7 b2 01 a4 ff f7 fe', 'MAC': '54:6C:0E:53:00:97'}
'2019-07-17T16:46:48.289': {'opt': '70 00', 'bar': '3f 0a 00 47 89 01', 'temp': '9c 0a 08 0d', 'hum': 'ac 66 54 59', 'mov': '51 ff 38 01 c3 00 55 00 1b 00 ea f7 af 01 ad ff f8 fe', 'MAC': '54:6C:0E:53:00:97'}
'2019-07-17T16:46:54.018': {'opt': '70 00', 'bar': '3f 0a 00 48 89 01', 'temp': 'b0 0a 08 0d', 'hum': 'ac 66 54 59', 'mov': '70 ff 1b 01 e1 00 59 00 1a 00 f3 f7 ae 01 a2 ff 07 ff', 'MAC': '54:6C:0E:53:00:97'}
'2019-07-17T16:46:59.722': {'opt': '70 00', 'bar': '40 0a 00 4b 89 01', 'temp': 'c4 0a 08 0d', 'hum': 'ac 66 54 59', 'mov': '91 ff 21 01 c1 00 54 00 20 00 e6 f7 ba 01 9b ff 00 ff', 'MAC': '54:6C:0E:53:00:97'}
'2019-07-17T16:47:05.557': {'opt': '70 00', 'bar': '3f 0a 00 4a 89 01', 'temp': 'ac 0a 08 0d', 'hum': 'ac 66 54 59', 'mov': '6c ff 36 01 b7 00 56 00 0f 00 e8 f7 b2 01 a0 ff f7 fe', 'MAC': '54:6C:0E:53:00:97'}
'2019-07-17T16:47:11.278': {'opt': '70 00', 'bar': '3f 0a 00 4d 89 01', 'temp': '98 0a 08 0d', 'hum': 'b0 66 54 59', 'mov': '76 ff 0e 01 b8 00 5a 00 1d 00 0a f8 b8 01 aa ff ff fe', 'MAC': '54:6C:0E:53:00:97'}
'2019-07-17T16:47:16.979': {'opt': '61 00', 'bar': '3f 0a 00 4b 89 01', 'temp': '98 0a 08 0d', 'hum': 'a4 66 54 59', 'mov': '73 ff 1a 01 cf 00 52 00 1c 00 e8 f7 bb 01 a8 ff fb fe', 'MAC': '54:6C:0E:53:00:97'}
'2019-07-17T16:47:22.683': {'opt': '70 00', 'bar': '3f 0a 00 47 89 01', 'temp': '9c 0a 08 0d', 'hum': 'ac 66 54 59', 'mov': '67 ff 2f 01 c9 00 56 00 21 00 ed f7 b6 01 a3 ff f8 fe', 'MAC': '54:6C:0E:53:00:97'}
'2019-07-17T16:47:28.474': {'opt': '70 00', 'bar': '3e 0a 00 48 89 01', 'temp': '94 0a 08 0d', 'hum': 'ac 66 54 59', 'mov': '66 ff 09 01 e9 00 5e 00 21 00 f0 f7 b2 01 a2 ff fc fe', 'MAC': '54:6C:0E:53:00:97'}
'2019-07-17T16:47:34.188': {'opt': '70 00', 'bar': '3f 0a 00 47 89 01', 'temp': 'ac 0a 08 0d', 'hum': 'ac 66 54 59', 'mov': '41 ff 26 01 c2 00 57 00 1c 00 ef f7 ba 01 a7 ff f9 fe', 'MAC': '54:6C:0E:53:00:97'}
'2019-07-17T16:47:39.896': {'opt': '70 00', 'bar': '3e 0a 00 44 89 01', 'temp': 'a0 0a 08 0d', 'hum': 'ac 66 54 59', 'mov': '9c ff 40 01 bf 00 5a 00 23 00 f4 f7 b2 01 9b ff 00 ff', 'MAC': '54:6C:0E:53:00:97'}
'2019-07-17T16:47:45.596': {'opt': '70 00', 'bar': '3f 0a 00 47 89 01', 'temp': '9c 0a 08 0d', 'hum': 'a4 66 54 59', 'mov': '7c ff 28 01 ca 00 53 00 25 00 fa f7 b5 01 9b ff 03 ff', 'MAC': '54:6C:0E:53:00:97'}
'2019-07-17T16:47:51.299': {'opt': '70 00', 'bar': '3e 0a 00 47 89 01', 'temp': 'b4 0a 08 0d', 'hum': 'a4 66 54 59', 'mov': '72 ff 20 01 c1 00 44 00 0c 00 b8 f7 b6 01 9e ff f8 fe', 'MAC': '54:6C:0E:53:00:97'}
'2019-07-17T16:47:57.003': {'opt': '70 00', 'bar': '3f 0a 00 47 89 01', 'temp': 'b0 0a 08 0d', 'hum': 'a4 66 54 59', 'mov': '9b ff 38 01 c9 00 5a 00 18 00 09 f8 b8 01 a3 ff fd fe', 'MAC': '54:6C:0E:53:00:97'}
'2019-07-17T16:48:02.756': {'opt': '70 00', 'bar': '40 0a 00 49 89 01', 'temp': 'bc 0a 08 0d', 'hum': 'ac 66 54 59', 'mov': 'a0 ff 15 01 dd 00 61 00 13 00 fd f7 ba 01 a9 ff 05 ff', 'MAC': '54:6C:0E:53:00:97'}
'2019-07-17T16:48:08.457': {'opt': '70 00', 'bar': '3e 0a 00 48 89 01', 'temp': 'ac 0a 08 0d', 'hum': 'ac 66 54 59', 'mov': '8d ff 40 01 b9 00 58 00 1b 00 e5 f7 b2 01 a2 ff f5 fe', 'MAC': '54:6C:0E:53:00:97'}
'2019-07-17T16:48:14.163': {'opt': '70 00', 'bar': '3f 0a 00 47 89 01', 'temp': '9c 0a 08 0d', 'hum': 'ac 66 54 59', 'mov': '82 ff 28 01 db 00 59 00 21 00 f2 f7 ba 01 a2 ff f7 fe', 'MAC': '54:6C:0E:53:00:97'}
'2019-07-17T16:48:19.916': {'opt': '70 00', 'bar': '3f 0a 00 47 89 01', 'temp': 'b0 0a 08 0d', 'hum': 'ac 66 54 59', 'mov': '77 ff 2d 01 9e 00 5b 00 1a 00 f9 f7 bb 01 aa ff ff fe', 'MAC': '54:6C:0E:53:00:97'}
'2019-07-17T16:48:25.617': {'opt': '70 00', 'bar': '3f 0a 00 48 89 01', 'temp': 'a8 0a 08 0d', 'hum': 'a4 66 54 59', 'mov': '6a ff 2a 01 db 00 5e 00 16 00 f0 f7 b7 01 9d ff fe fe', 'MAC': '54:6C:0E:53:00:97'}
'2019-07-17T16:48:31.323': {'opt': '70 00', 'bar': '40 0a 00 48 89 01', 'temp': '94 0a 08 0d', 'hum': 'ac 66 54 59', 'mov': '88 ff 10 01 be 00 5c 00 14 00 ff f7 ba 01 a2 ff 00 ff', 'MAC': '54:6C:0E:53:00:97'}
'2019-07-17T16:48:37.027': {'opt': '70 00', 'bar': '3f 0a 00 42 89 01', 'temp': 'cc 0a 08 0d', 'hum': 'ac 66 54 59', 'mov': '63 ff 2d 01 c8 00 51 00 1f 00 e7 f7 b8 01 a8 ff fd fe', 'MAC': '54:6C:0E:53:00:97'}
'2019-07-17T16:48:42.727': {'opt': '70 00', 'bar': '3f 0a 00 45 89 01', 'temp': 'a4 0a 08 0d', 'hum': 'ac 66 54 59', 'mov': '92 ff 1c 01 c8 00 64 00 1b 00 f4 f7 ba 01 9d ff fc fe', 'MAC': '54:6C:0E:53:00:97'}
'2019-07-17T16:48:48.435': {'opt': '61 00', 'bar': '3f 0a 00 47 89 01', 'temp': 'c0 0a 08 0d', 'hum': 'ac 66 54 59', 'mov': '76 ff 05 01 c5 00 58 00 1b 00 e7 f7 b5 01 a0 ff f5 fe', 'MAC': '54:6C:0E:53:00:97'}
'2019-07-17T16:48:54.139': {'opt': '70 00', 'bar': '3f 0a 00 44 89 01', 'temp': 'ac 0a 08 0d', 'hum': 'ac 66 54 59', 'mov': '5b ff 31 01 e4 00 5c 00 1c 00 f1 f7 b7 01 a4 ff fe fe', 'MAC': '54:6C:0E:53:00:97'}
'2019-07-17T16:48:59.843': {'opt': '70 00', 'bar': '40 0a 00 4b 89 01', 'temp': 'a4 0a 08 0d', 'hum': 'ac 66 54 59', 'mov': '87 ff 1d 01 c7 00 5a 00 15 00 e7 f7 b1 01 9e ff fd fe', 'MAC': '54:6C:0E:53:00:97'}
'2019-07-17T16:49:05.546': {'opt': '70 00', 'bar': '40 0a 00 46 89 01', 'temp': 'bc 0a 08 0d', 'hum': 'ac 66 54 59', 'mov': '5e ff 29 01 d8 00 5d 00 14 00 f9 f7 b0 01 a0 ff fc fe', 'MAC': '54:6C:0E:53:00:97'}
'2019-07-17T16:49:11.250': {'opt': '70 00', 'bar': '3f 0a 00 43 89 01', 'temp': 'ac 0a 08 0d', 'hum': 'ac 66 54 59', 'mov': '65 ff 2a 01 d8 00 59 00 16 00 fa f7 a3 01 9a ff ff fe', 'MAC': '54:6C:0E:53:00:97'}
'2019-07-17T16:49:17.003': {'opt': '70 00', 'bar': '40 0a 00 45 89 01', 'temp': 'c8 0a 08 0d', 'hum': 'a4 66 54 59', 'mov': 'a7 ff 26 01 cc 00 59 00 1c 00 f8 f7 bd 01 a3 ff f4 fe', 'MAC': '54:6C:0E:53:00:97'}
'2019-07-17T16:49:22.706': {'opt': '61 00', 'bar': '3f 0a 00 47 89 01', 'temp': 'a0 0a 08 0d', 'hum': 'ac 66 54 59', 'mov': '9d ff 37 01 c1 00 55 00 18 00 e9 f7 b4 01 a1 ff f8 fe', 'MAC': '54:6C:0E:53:00:97'}
'2019-07-17T16:49:28.411': {'opt': '70 00', 'bar': '3f 0a 00 43 89 01', 'temp': 'a8 0a 08 0d', 'hum': 'ac 66 54 59', 'mov': '5d ff 34 01 d3 00 5d 00 1d 00 ee f7 ba 01 a7 ff 03 ff', 'MAC': '54:6C:0E:53:00:97'}
'2019-07-17T16:49:34.114': {'opt': '70 00', 'bar': '40 0a 00 46 89 01', 'temp': 'a8 0a 08 0d', 'hum': 'b0 66 54 59', 'mov': 'ab ff 3e 01 b8 00 61 00 1b 00 f4 f7 b5 01 9b ff 00 ff', 'MAC': '54:6C:0E:53:00:97'}
'2019-07-17T16:49:39.867': {'opt': '70 00', 'bar': '3f 0a 00 40 89 01', 'temp': 'c4 0a 08 0d', 'hum': 'ac 66 54 59', 'mov': '75 ff 24 01 d4 00 59 00 17 00 f5 f7 be 01 a7 ff 0c ff', 'MAC': '54:6C:0E:53:00:97'}
'2019-07-17T16:49:45.619': {'opt': '70 00', 'bar': '3f 0a 00 43 89 01', 'temp': 'bc 0a 08 0d', 'hum': 'a4 66 54 59', 'mov': '9c ff 24 01 c3 00 4f 00 19 00 ea f7 ba 01 a2 ff fc fe', 'MAC': '54:6C:0E:53:00:97'}
'2019-07-17T16:49:51.323': {'opt': '61 00', 'bar': '3f 0a 00 42 89 01', 'temp': 'b0 0a 08 0d', 'hum': 'ac 66 54 59', 'mov': '4f ff 20 01 c9 00 56 00 1d 00 f0 f7 bc 01 ab ff fe fe', 'MAC': '54:6C:0E:53:00:97'}
'2019-07-17T16:49:57.027': {'opt': '70 00', 'bar': '3f 0a 00 45 89 01', 'temp': 'd4 0a 08 0d', 'hum': 'ac 66 54 59', 'mov': '7d ff 14 01 c4 00 54 00 20 00 df f7 b8 01 a1 ff fb fe', 'MAC': '54:6C:0E:53:00:97'}
'2019-07-17T16:50:02.731': {'opt': '70 00', 'bar': '3f 0a 00 42 89 01', 'temp': 'c8 0a 08 0d', 'hum': 'ac 66 54 59', 'mov': '6c ff 15 01 cf 00 4b 00 26 00 f4 f7 b4 01 9e ff 04 ff', 'MAC': '54:6C:0E:53:00:97'}
'2019-07-17T16:50:08.434': {'opt': '70 00', 'bar': '3f 0a 00 3f 89 01', 'temp': 'bc 0a 08 0d', 'hum': 'ac 66 54 59', 'mov': '66 ff 1a 01 c7 00 5a 00 1f 00 f0 f7 ae 01 a0 ff 03 ff', 'MAC': '54:6C:0E:53:00:97'}
